{"/home/azlan/Workspace/Wellbeing/src/App.tsx": {"path":"/home/azlan/Workspace/Wellbeing/src/App.tsx","statementMap":{"0":{"start":{"line":8,"column":6},"end":{"line":8,"column":null}},"1":{"start":{"line":8,"column":29},"end":{"line":8,"column":null}},"2":{"start":{"line":8,"column":70},"end":{"line":8,"column":null}},"3":{"start":{"line":9,"column":6},"end":{"line":9,"column":null}},"4":{"start":{"line":9,"column":28},"end":{"line":9,"column":null}},"5":{"start":{"line":9,"column":68},"end":{"line":9,"column":null}},"6":{"start":{"line":10,"column":6},"end":{"line":10,"column":null}},"7":{"start":{"line":10,"column":29},"end":{"line":10,"column":null}},"8":{"start":{"line":10,"column":70},"end":{"line":10,"column":null}},"9":{"start":{"line":11,"column":6},"end":{"line":11,"column":null}},"10":{"start":{"line":11,"column":29},"end":{"line":11,"column":null}},"11":{"start":{"line":11,"column":70},"end":{"line":11,"column":null}},"12":{"start":{"line":12,"column":6},"end":{"line":12,"column":null}},"13":{"start":{"line":12,"column":26},"end":{"line":12,"column":null}},"14":{"start":{"line":12,"column":64},"end":{"line":12,"column":null}},"15":{"start":{"line":15,"column":2},"end":{"line":18,"column":null}},"16":{"start":{"line":23,"column":8},"end":{"line":23,"column":null}},"17":{"start":{"line":23,"column":41},"end":{"line":23,"column":56}},"18":{"start":{"line":24,"column":8},"end":{"line":24,"column":null}},"19":{"start":{"line":24,"column":44},"end":{"line":24,"column":62}},"20":{"start":{"line":25,"column":8},"end":{"line":25,"column":null}},"21":{"start":{"line":25,"column":43},"end":{"line":25,"column":66}},"22":{"start":{"line":26,"column":8},"end":{"line":26,"column":null}},"23":{"start":{"line":26,"column":46},"end":{"line":26,"column":72}},"24":{"start":{"line":27,"column":8},"end":{"line":27,"column":null}},"25":{"start":{"line":27,"column":45},"end":{"line":27,"column":64}},"26":{"start":{"line":28,"column":8},"end":{"line":28,"column":null}},"27":{"start":{"line":28,"column":46},"end":{"line":28,"column":66}},"28":{"start":{"line":30,"column":2},"end":{"line":30,"column":null}},"29":{"start":{"line":32,"column":2},"end":{"line":42,"column":null}},"30":{"start":{"line":34,"column":4},"end":{"line":38,"column":null}},"31":{"start":{"line":35,"column":6},"end":{"line":37,"column":null}},"32":{"start":{"line":36,"column":8},"end":{"line":36,"column":null}},"33":{"start":{"line":39,"column":4},"end":{"line":41,"column":null}},"34":{"start":{"line":40,"column":6},"end":{"line":40,"column":null}},"35":{"start":{"line":40,"column":34},"end":{"line":40,"column":null}},"36":{"start":{"line":44,"column":8},"end":{"line":46,"column":null}},"37":{"start":{"line":45,"column":4},"end":{"line":45,"column":null}},"38":{"start":{"line":48,"column":8},"end":{"line":73,"column":null}},"39":{"start":{"line":49,"column":4},"end":{"line":72,"column":null}},"40":{"start":{"line":51,"column":8},"end":{"line":51,"column":null}},"41":{"start":{"line":53,"column":8},"end":{"line":53,"column":null}},"42":{"start":{"line":55,"column":8},"end":{"line":55,"column":null}},"43":{"start":{"line":57,"column":8},"end":{"line":57,"column":null}},"44":{"start":{"line":60,"column":22},"end":{"line":60,"column":null}},"45":{"start":{"line":61,"column":27},"end":{"line":65,"column":null}},"46":{"start":{"line":66,"column":20},"end":{"line":66,"column":null}},"47":{"start":{"line":67,"column":23},"end":{"line":67,"column":null}},"48":{"start":{"line":68,"column":30},"end":{"line":68,"column":null}},"49":{"start":{"line":70,"column":8},"end":{"line":70,"column":null}},"50":{"start":{"line":75,"column":2},"end":{"line":120,"column":null}},"51":{"start":{"line":94,"column":25},"end":{"line":94,"column":null}}},"fnMap":{"0":{"name":"(anonymous_0)","decl":{"start":{"line":8,"column":23},"end":{"line":8,"column":29}},"loc":{"start":{"line":8,"column":29},"end":{"line":8,"column":null}},"line":8},"1":{"name":"(anonymous_1)","decl":{"start":{"line":8,"column":62},"end":{"line":8,"column":68}},"loc":{"start":{"line":8,"column":70},"end":{"line":8,"column":null}},"line":8},"2":{"name":"(anonymous_2)","decl":{"start":{"line":9,"column":22},"end":{"line":9,"column":28}},"loc":{"start":{"line":9,"column":28},"end":{"line":9,"column":null}},"line":9},"3":{"name":"(anonymous_3)","decl":{"start":{"line":9,"column":60},"end":{"line":9,"column":66}},"loc":{"start":{"line":9,"column":68},"end":{"line":9,"column":null}},"line":9},"4":{"name":"(anonymous_4)","decl":{"start":{"line":10,"column":23},"end":{"line":10,"column":29}},"loc":{"start":{"line":10,"column":29},"end":{"line":10,"column":null}},"line":10},"5":{"name":"(anonymous_5)","decl":{"start":{"line":10,"column":62},"end":{"line":10,"column":68}},"loc":{"start":{"line":10,"column":70},"end":{"line":10,"column":null}},"line":10},"6":{"name":"(anonymous_6)","decl":{"start":{"line":11,"column":23},"end":{"line":11,"column":29}},"loc":{"start":{"line":11,"column":29},"end":{"line":11,"column":null}},"line":11},"7":{"name":"(anonymous_7)","decl":{"start":{"line":11,"column":62},"end":{"line":11,"column":68}},"loc":{"start":{"line":11,"column":70},"end":{"line":11,"column":null}},"line":11},"8":{"name":"(anonymous_8)","decl":{"start":{"line":12,"column":20},"end":{"line":12,"column":26}},"loc":{"start":{"line":12,"column":26},"end":{"line":12,"column":null}},"line":12},"9":{"name":"(anonymous_9)","decl":{"start":{"line":12,"column":56},"end":{"line":12,"column":62}},"loc":{"start":{"line":12,"column":64},"end":{"line":12,"column":null}},"line":12},"10":{"name":"PageLoader","decl":{"start":{"line":14,"column":9},"end":{"line":14,"column":22}},"loc":{"start":{"line":14,"column":22},"end":{"line":20,"column":null}},"line":14},"11":{"name":"App","decl":{"start":{"line":22,"column":9},"end":{"line":22,"column":15}},"loc":{"start":{"line":22,"column":15},"end":{"line":122,"column":null}},"line":22},"12":{"name":"(anonymous_12)","decl":{"start":{"line":23,"column":32},"end":{"line":23,"column":41}},"loc":{"start":{"line":23,"column":41},"end":{"line":23,"column":56}},"line":23},"13":{"name":"(anonymous_13)","decl":{"start":{"line":24,"column":35},"end":{"line":24,"column":44}},"loc":{"start":{"line":24,"column":44},"end":{"line":24,"column":62}},"line":24},"14":{"name":"(anonymous_14)","decl":{"start":{"line":25,"column":34},"end":{"line":25,"column":43}},"loc":{"start":{"line":25,"column":43},"end":{"line":25,"column":66}},"line":25},"15":{"name":"(anonymous_15)","decl":{"start":{"line":26,"column":37},"end":{"line":26,"column":46}},"loc":{"start":{"line":26,"column":46},"end":{"line":26,"column":72}},"line":26},"16":{"name":"(anonymous_16)","decl":{"start":{"line":27,"column":36},"end":{"line":27,"column":45}},"loc":{"start":{"line":27,"column":45},"end":{"line":27,"column":64}},"line":27},"17":{"name":"(anonymous_17)","decl":{"start":{"line":28,"column":37},"end":{"line":28,"column":46}},"loc":{"start":{"line":28,"column":46},"end":{"line":28,"column":66}},"line":28},"18":{"name":"(anonymous_18)","decl":{"start":{"line":32,"column":12},"end":{"line":32,"column":18}},"loc":{"start":{"line":32,"column":18},"end":{"line":42,"column":5}},"line":32},"19":{"name":"(anonymous_19)","decl":{"start":{"line":35,"column":36},"end":{"line":35,"column":42}},"loc":{"start":{"line":35,"column":42},"end":{"line":37,"column":9}},"line":35},"20":{"name":"(anonymous_20)","decl":{"start":{"line":39,"column":11},"end":{"line":39,"column":17}},"loc":{"start":{"line":39,"column":17},"end":{"line":41,"column":null}},"line":39},"21":{"name":"(anonymous_21)","decl":{"start":{"line":44,"column":36},"end":{"line":44,"column":42}},"loc":{"start":{"line":44,"column":42},"end":{"line":46,"column":5}},"line":44},"22":{"name":"(anonymous_22)","decl":{"start":{"line":48,"column":29},"end":{"line":48,"column":35}},"loc":{"start":{"line":48,"column":35},"end":{"line":73,"column":5}},"line":48},"23":{"name":"(anonymous_23)","decl":{"start":{"line":94,"column":19},"end":{"line":94,"column":25}},"loc":{"start":{"line":94,"column":25},"end":{"line":94,"column":null}},"line":94}},"branchMap":{"0":{"loc":{"start":{"line":34,"column":4},"end":{"line":38,"column":null}},"type":"if","locations":[{"start":{"line":34,"column":4},"end":{"line":38,"column":null}},{"start":{},"end":{}}],"line":34},"1":{"loc":{"start":{"line":40,"column":6},"end":{"line":40,"column":null}},"type":"if","locations":[{"start":{"line":40,"column":6},"end":{"line":40,"column":null}},{"start":{},"end":{}}],"line":40},"2":{"loc":{"start":{"line":49,"column":4},"end":{"line":72,"column":null}},"type":"switch","locations":[{"start":{"line":50,"column":6},"end":{"line":51,"column":null}},{"start":{"line":52,"column":6},"end":{"line":53,"column":null}},{"start":{"line":54,"column":6},"end":{"line":55,"column":null}},{"start":{"line":56,"column":6},"end":{"line":57,"column":null}},{"start":{"line":58,"column":6},"end":{"line":58,"column":null}},{"start":{"line":59,"column":6},"end":{"line":71,"column":null}}],"line":49},"3":{"loc":{"start":{"line":67,"column":49},"end":{"line":67,"column":119}},"type":"cond-expr","locations":[{"start":{"line":67,"column":64},"end":{"line":67,"column":69}},{"start":{"line":67,"column":64},"end":{"line":67,"column":119}}],"line":67},"4":{"loc":{"start":{"line":67,"column":69},"end":{"line":67,"column":109}},"type":"cond-expr","locations":[{"start":{"line":67,"column":99},"end":{"line":67,"column":103}},{"start":{"line":67,"column":103},"end":{"line":67,"column":109}}],"line":67},"5":{"loc":{"start":{"line":91,"column":7},"end":{"line":95,"column":null}},"type":"binary-expr","locations":[{"start":{"line":91,"column":7},"end":{"line":91,"column":null}},{"start":{"line":92,"column":8},"end":{"line":95,"column":null}}],"line":91},"6":{"loc":{"start":{"line":112,"column":13},"end":{"line":112,"column":null}},"type":"binary-expr","locations":[{"start":{"line":112,"column":13},"end":{"line":112,"column":42}},{"start":{"line":112,"column":42},"end":{"line":112,"column":null}}],"line":112},"7":{"loc":{"start":{"line":113,"column":13},"end":{"line":113,"column":null}},"type":"binary-expr","locations":[{"start":{"line":113,"column":13},"end":{"line":113,"column":41}},{"start":{"line":113,"column":41},"end":{"line":113,"column":null}}],"line":113},"8":{"loc":{"start":{"line":114,"column":13},"end":{"line":114,"column":null}},"type":"binary-expr","locations":[{"start":{"line":114,"column":13},"end":{"line":114,"column":38}},{"start":{"line":114,"column":38},"end":{"line":114,"column":null}}],"line":114},"9":{"loc":{"start":{"line":115,"column":13},"end":{"line":115,"column":null}},"type":"binary-expr","locations":[{"start":{"line":115,"column":13},"end":{"line":115,"column":42}},{"start":{"line":115,"column":42},"end":{"line":115,"column":null}}],"line":115},"10":{"loc":{"start":{"line":116,"column":13},"end":{"line":116,"column":null}},"type":"binary-expr","locations":[{"start":{"line":116,"column":13},"end":{"line":116,"column":39}},{"start":{"line":116,"column":39},"end":{"line":116,"column":null}}],"line":116}},"s":{"0":0,"1":0,"2":0,"3":0,"4":0,"5":0,"6":0,"7":0,"8":0,"9":0,"10":0,"11":0,"12":0,"13":0,"14":0,"15":0,"16":0,"17":0,"18":0,"19":0,"20":0,"21":0,"22":0,"23":0,"24":0,"25":0,"26":0,"27":0,"28":0,"29":0,"30":0,"31":0,"32":0,"33":0,"34":0,"35":0,"36":0,"37":0,"38":0,"39":0,"40":0,"41":0,"42":0,"43":0,"44":0,"45":0,"46":0,"47":0,"48":0,"49":0,"50":0,"51":0},"f":{"0":0,"1":0,"2":0,"3":0,"4":0,"5":0,"6":0,"7":0,"8":0,"9":0,"10":0,"11":0,"12":0,"13":0,"14":0,"15":0,"16":0,"17":0,"18":0,"19":0,"20":0,"21":0,"22":0,"23":0},"b":{"0":[0,0],"1":[0,0],"2":[0,0,0,0,0,0],"3":[0,0],"4":[0,0],"5":[0,0],"6":[0,0],"7":[0,0],"8":[0,0],"9":[0,0],"10":[0,0]},"meta":{"lastBranch":11,"lastFunction":24,"lastStatement":52,"seen":{"s:8:6:8:Infinity":0,"f:8:23:8:29":0,"s:8:29:8:Infinity":1,"f:8:62:8:68":1,"s:8:70:8:Infinity":2,"s:9:6:9:Infinity":3,"f:9:22:9:28":2,"s:9:28:9:Infinity":4,"f:9:60:9:66":3,"s:9:68:9:Infinity":5,"s:10:6:10:Infinity":6,"f:10:23:10:29":4,"s:10:29:10:Infinity":7,"f:10:62:10:68":5,"s:10:70:10:Infinity":8,"s:11:6:11:Infinity":9,"f:11:23:11:29":6,"s:11:29:11:Infinity":10,"f:11:62:11:68":7,"s:11:70:11:Infinity":11,"s:12:6:12:Infinity":12,"f:12:20:12:26":8,"s:12:26:12:Infinity":13,"f:12:56:12:62":9,"s:12:64:12:Infinity":14,"f:14:9:14:22":10,"s:15:2:18:Infinity":15,"f:22:9:22:15":11,"s:23:8:23:Infinity":16,"f:23:32:23:41":12,"s:23:41:23:56":17,"s:24:8:24:Infinity":18,"f:24:35:24:44":13,"s:24:44:24:62":19,"s:25:8:25:Infinity":20,"f:25:34:25:43":14,"s:25:43:25:66":21,"s:26:8:26:Infinity":22,"f:26:37:26:46":15,"s:26:46:26:72":23,"s:27:8:27:Infinity":24,"f:27:36:27:45":16,"s:27:45:27:64":25,"s:28:8:28:Infinity":26,"f:28:37:28:46":17,"s:28:46:28:66":27,"s:30:2:30:Infinity":28,"s:32:2:42:Infinity":29,"f:32:12:32:18":18,"b:34:4:38:Infinity:undefined:undefined:undefined:undefined":0,"s:34:4:38:Infinity":30,"s:35:6:37:Infinity":31,"f:35:36:35:42":19,"s:36:8:36:Infinity":32,"s:39:4:41:Infinity":33,"f:39:11:39:17":20,"b:40:6:40:Infinity:undefined:undefined:undefined:undefined":1,"s:40:6:40:Infinity":34,"s:40:34:40:Infinity":35,"s:44:8:46:Infinity":36,"f:44:36:44:42":21,"s:45:4:45:Infinity":37,"s:48:8:73:Infinity":38,"f:48:29:48:35":22,"b:50:6:51:Infinity:52:6:53:Infinity:54:6:55:Infinity:56:6:57:Infinity:58:6:58:Infinity:59:6:71:Infinity":2,"s:49:4:72:Infinity":39,"s:51:8:51:Infinity":40,"s:53:8:53:Infinity":41,"s:55:8:55:Infinity":42,"s:57:8:57:Infinity":43,"s:60:22:60:Infinity":44,"s:61:27:65:Infinity":45,"s:66:20:66:Infinity":46,"s:67:23:67:Infinity":47,"b:67:64:67:69:67:64:67:119":3,"b:67:99:67:103:67:103:67:109":4,"s:68:30:68:Infinity":48,"s:70:8:70:Infinity":49,"s:75:2:120:Infinity":50,"b:91:7:91:Infinity:92:8:95:Infinity":5,"f:94:19:94:25":23,"s:94:25:94:Infinity":51,"b:112:13:112:42:112:42:112:Infinity":6,"b:113:13:113:41:113:41:113:Infinity":7,"b:114:13:114:38:114:38:114:Infinity":8,"b:115:13:115:42:115:42:115:Infinity":9,"b:116:13:116:39:116:39:116:Infinity":10}}}
,"/home/azlan/Workspace/Wellbeing/src/components/AppIcon.tsx": {"path":"/home/azlan/Workspace/Wellbeing/src/components/AppIcon.tsx","statementMap":{"0":{"start":{"line":18,"column":18},"end":{"line":18,"column":null}},"1":{"start":{"line":21,"column":21},"end":{"line":21,"column":null}},"2":{"start":{"line":24,"column":2},"end":{"line":26,"column":null}},"3":{"start":{"line":25,"column":4},"end":{"line":25,"column":null}},"4":{"start":{"line":27,"column":2},"end":{"line":29,"column":null}},"5":{"start":{"line":28,"column":4},"end":{"line":28,"column":null}},"6":{"start":{"line":31,"column":18},"end":{"line":43,"column":null}},"7":{"start":{"line":34,"column":18},"end":{"line":34,"column":null}},"8":{"start":{"line":35,"column":6},"end":{"line":35,"column":null}},"9":{"start":{"line":36,"column":6},"end":{"line":36,"column":null}},"10":{"start":{"line":37,"column":6},"end":{"line":37,"column":null}},"11":{"start":{"line":40,"column":6},"end":{"line":40,"column":null}},"12":{"start":{"line":41,"column":6},"end":{"line":41,"column":null}},"13":{"start":{"line":42,"column":6},"end":{"line":42,"column":null}},"14":{"start":{"line":45,"column":2},"end":{"line":45,"column":null}},"15":{"start":{"line":46,"column":2},"end":{"line":46,"column":null}},"16":{"start":{"line":50,"column":2},"end":{"line":55,"column":null}},"17":{"start":{"line":51,"column":23},"end":{"line":51,"column":null}},"18":{"start":{"line":52,"column":4},"end":{"line":52,"column":null}},"19":{"start":{"line":52,"column":21},"end":{"line":52,"column":null}},"20":{"start":{"line":53,"column":21},"end":{"line":53,"column":null}},"21":{"start":{"line":54,"column":4},"end":{"line":54,"column":null}},"22":{"start":{"line":54,"column":18},"end":{"line":54,"column":null}},"23":{"start":{"line":56,"column":2},"end":{"line":56,"column":null}},"24":{"start":{"line":59,"column":47},"end":{"line":69,"column":null}},"25":{"start":{"line":72,"column":14},"end":{"line":72,"column":null}},"26":{"start":{"line":73,"column":2},"end":{"line":73,"column":null}},"27":{"start":{"line":77,"column":14},"end":{"line":86,"column":null}},"28":{"start":{"line":88,"column":2},"end":{"line":88,"column":null}},"29":{"start":{"line":88,"column":43},"end":{"line":88,"column":51}},"30":{"start":{"line":93,"column":13},"end":{"line":93,"column":null}},"31":{"start":{"line":94,"column":2},"end":{"line":96,"column":null}},"32":{"start":{"line":94,"column":15},"end":{"line":94,"column":18}},"33":{"start":{"line":95,"column":4},"end":{"line":95,"column":null}},"34":{"start":{"line":97,"column":2},"end":{"line":97,"column":null}},"35":{"start":{"line":122,"column":13},"end":{"line":180,"column":null}},"36":{"start":{"line":131,"column":28},"end":{"line":131,"column":null}},"37":{"start":{"line":132,"column":26},"end":{"line":132,"column":null}},"38":{"start":{"line":134,"column":2},"end":{"line":146,"column":null}},"39":{"start":{"line":135,"column":4},"end":{"line":135,"column":null}},"40":{"start":{"line":136,"column":4},"end":{"line":136,"column":null}},"41":{"start":{"line":138,"column":20},"end":{"line":138,"column":null}},"42":{"start":{"line":139,"column":4},"end":{"line":141,"column":null}},"43":{"start":{"line":140,"column":6},"end":{"line":140,"column":null}},"44":{"start":{"line":140,"column":22},"end":{"line":140,"column":null}},"45":{"start":{"line":143,"column":4},"end":{"line":145,"column":null}},"46":{"start":{"line":144,"column":6},"end":{"line":144,"column":null}},"47":{"start":{"line":148,"column":18},"end":{"line":148,"column":null}},"48":{"start":{"line":149,"column":19},"end":{"line":149,"column":null}},"49":{"start":{"line":151,"column":2},"end":{"line":178,"column":null}},"50":{"start":{"line":169,"column":25},"end":{"line":169,"column":null}}},"fnMap":{"0":{"name":"resolveIcon","decl":{"start":{"line":23,"column":15},"end":{"line":23,"column":27}},"loc":{"start":{"line":23,"column":69},"end":{"line":47,"column":null}},"line":23},"1":{"name":"(anonymous_1)","decl":{"start":{"line":33,"column":10},"end":{"line":33,"column":11}},"loc":{"start":{"line":33,"column":24},"end":{"line":38,"column":5}},"line":33},"2":{"name":"(anonymous_2)","decl":{"start":{"line":39,"column":11},"end":{"line":39,"column":17}},"loc":{"start":{"line":39,"column":17},"end":{"line":43,"column":5}},"line":39},"3":{"name":"resolveFirstAvailable","decl":{"start":{"line":49,"column":15},"end":{"line":49,"column":37}},"loc":{"start":{"line":49,"column":83},"end":{"line":57,"column":null}},"line":49},"4":{"name":"aliasCandidates","decl":{"start":{"line":71,"column":9},"end":{"line":71,"column":25}},"loc":{"start":{"line":71,"column":52},"end":{"line":74,"column":null}},"line":71},"5":{"name":"iconCandidates","decl":{"start":{"line":76,"column":9},"end":{"line":76,"column":24}},"loc":{"start":{"line":76,"column":88},"end":{"line":89,"column":null}},"line":76},"6":{"name":"(anonymous_6)","decl":{"start":{"line":88,"column":36},"end":{"line":88,"column":37}},"loc":{"start":{"line":88,"column":43},"end":{"line":88,"column":51}},"line":88},"7":{"name":"getColorForName","decl":{"start":{"line":92,"column":9},"end":{"line":92,"column":25}},"loc":{"start":{"line":92,"column":47},"end":{"line":98,"column":null}},"line":92},"8":{"name":"AppIcon2","decl":{"start":{"line":122,"column":37},"end":{"line":122,"column":45}},"loc":{"start":{"line":130,"column":17},"end":{"line":180,"column":1}},"line":130},"9":{"name":"(anonymous_9)","decl":{"start":{"line":134,"column":12},"end":{"line":134,"column":18}},"loc":{"start":{"line":134,"column":18},"end":{"line":146,"column":5}},"line":134},"10":{"name":"(anonymous_10)","decl":{"start":{"line":139,"column":66},"end":{"line":139,"column":67}},"loc":{"start":{"line":139,"column":75},"end":{"line":141,"column":5}},"line":139},"11":{"name":"(anonymous_11)","decl":{"start":{"line":143,"column":11},"end":{"line":143,"column":17}},"loc":{"start":{"line":143,"column":17},"end":{"line":145,"column":null}},"line":143},"12":{"name":"(anonymous_12)","decl":{"start":{"line":169,"column":19},"end":{"line":169,"column":25}},"loc":{"start":{"line":169,"column":25},"end":{"line":169,"column":null}},"line":169}},"branchMap":{"0":{"loc":{"start":{"line":24,"column":2},"end":{"line":26,"column":null}},"type":"if","locations":[{"start":{"line":24,"column":2},"end":{"line":26,"column":null}},{"start":{},"end":{}}],"line":24},"1":{"loc":{"start":{"line":27,"column":2},"end":{"line":29,"column":null}},"type":"if","locations":[{"start":{"line":27,"column":2},"end":{"line":29,"column":null}},{"start":{},"end":{}}],"line":27},"2":{"loc":{"start":{"line":34,"column":18},"end":{"line":34,"column":null}},"type":"cond-expr","locations":[{"start":{"line":34,"column":18},"end":{"line":34,"column":56}},{"start":{"line":34,"column":56},"end":{"line":34,"column":null}}],"line":34},"3":{"loc":{"start":{"line":52,"column":4},"end":{"line":52,"column":null}},"type":"if","locations":[{"start":{"line":52,"column":4},"end":{"line":52,"column":null}},{"start":{},"end":{}}],"line":52},"4":{"loc":{"start":{"line":54,"column":4},"end":{"line":54,"column":null}},"type":"if","locations":[{"start":{"line":54,"column":4},"end":{"line":54,"column":null}},{"start":{},"end":{}}],"line":54},"5":{"loc":{"start":{"line":73,"column":9},"end":{"line":73,"column":null}},"type":"binary-expr","locations":[{"start":{"line":73,"column":9},"end":{"line":73,"column":30}},{"start":{"line":73,"column":30},"end":{"line":73,"column":null}}],"line":73},"6":{"loc":{"start":{"line":78,"column":4},"end":{"line":78,"column":null}},"type":"binary-expr","locations":[{"start":{"line":78,"column":4},"end":{"line":78,"column":16}},{"start":{"line":78,"column":16},"end":{"line":78,"column":null}}],"line":78},"7":{"loc":{"start":{"line":84,"column":4},"end":{"line":84,"column":null}},"type":"binary-expr","locations":[{"start":{"line":84,"column":4},"end":{"line":84,"column":31}},{"start":{"line":84,"column":31},"end":{"line":84,"column":null}}],"line":84},"8":{"loc":{"start":{"line":85,"column":4},"end":{"line":85,"column":null}},"type":"binary-expr","locations":[{"start":{"line":85,"column":4},"end":{"line":85,"column":46}},{"start":{"line":85,"column":46},"end":{"line":85,"column":null}}],"line":85},"9":{"loc":{"start":{"line":125,"column":2},"end":{"line":125,"column":null}},"type":"default-arg","locations":[{"start":{"line":125,"column":14},"end":{"line":125,"column":null}}],"line":125},"10":{"loc":{"start":{"line":127,"column":2},"end":{"line":127,"column":null}},"type":"default-arg","locations":[{"start":{"line":127,"column":10},"end":{"line":127,"column":null}}],"line":127},"11":{"loc":{"start":{"line":128,"column":2},"end":{"line":128,"column":null}},"type":"default-arg","locations":[{"start":{"line":128,"column":14},"end":{"line":128,"column":null}}],"line":128},"12":{"loc":{"start":{"line":140,"column":6},"end":{"line":140,"column":null}},"type":"if","locations":[{"start":{"line":140,"column":6},"end":{"line":140,"column":null}},{"start":{},"end":{}}],"line":140},"13":{"loc":{"start":{"line":148,"column":18},"end":{"line":148,"column":null}},"type":"binary-expr","locations":[{"start":{"line":148,"column":18},"end":{"line":148,"column":27}},{"start":{"line":148,"column":27},"end":{"line":148,"column":null}}],"line":148},"14":{"loc":{"start":{"line":149,"column":19},"end":{"line":149,"column":null}},"type":"binary-expr","locations":[{"start":{"line":149,"column":19},"end":{"line":149,"column":30}},{"start":{"line":149,"column":30},"end":{"line":149,"column":null}}],"line":149},"15":{"loc":{"start":{"line":157,"column":8},"end":{"line":157,"column":null}},"type":"binary-expr","locations":[{"start":{"line":157,"column":8},"end":{"line":157,"column":21}},{"start":{"line":157,"column":21},"end":{"line":157,"column":null}}],"line":157},"16":{"loc":{"start":{"line":158,"column":8},"end":{"line":158,"column":null}},"type":"binary-expr","locations":[{"start":{"line":158,"column":8},"end":{"line":158,"column":21}},{"start":{"line":158,"column":21},"end":{"line":158,"column":null}}],"line":158},"17":{"loc":{"start":{"line":161,"column":13},"end":{"line":161,"column":null}},"type":"cond-expr","locations":[{"start":{"line":161,"column":25},"end":{"line":161,"column":103}},{"start":{"line":161,"column":103},"end":{"line":161,"column":null}}],"line":161},"18":{"loc":{"start":{"line":164,"column":7},"end":{"line":176,"column":null}},"type":"cond-expr","locations":[{"start":{"line":165,"column":8},"end":{"line":172,"column":null}},{"start":{"line":174,"column":8},"end":{"line":176,"column":null}}],"line":164}},"s":{"0":0,"1":0,"2":0,"3":0,"4":0,"5":0,"6":0,"7":0,"8":0,"9":0,"10":0,"11":0,"12":0,"13":0,"14":0,"15":0,"16":0,"17":0,"18":0,"19":0,"20":0,"21":0,"22":0,"23":0,"24":0,"25":0,"26":0,"27":0,"28":0,"29":0,"30":0,"31":0,"32":0,"33":0,"34":0,"35":0,"36":0,"37":0,"38":0,"39":0,"40":0,"41":0,"42":0,"43":0,"44":0,"45":0,"46":0,"47":0,"48":0,"49":0,"50":0},"f":{"0":0,"1":0,"2":0,"3":0,"4":0,"5":0,"6":0,"7":0,"8":0,"9":0,"10":0,"11":0,"12":0},"b":{"0":[0,0],"1":[0,0],"2":[0,0],"3":[0,0],"4":[0,0],"5":[0,0],"6":[0,0],"7":[0,0],"8":[0,0],"9":[0],"10":[0],"11":[0],"12":[0,0],"13":[0,0],"14":[0,0],"15":[0,0],"16":[0,0],"17":[0,0],"18":[0,0]},"meta":{"lastBranch":19,"lastFunction":13,"lastStatement":51,"seen":{"s:18:18:18:Infinity":0,"s:21:21:21:Infinity":1,"f:23:15:23:27":0,"b:24:2:26:Infinity:undefined:undefined:undefined:undefined":0,"s:24:2:26:Infinity":2,"s:25:4:25:Infinity":3,"b:27:2:29:Infinity:undefined:undefined:undefined:undefined":1,"s:27:2:29:Infinity":4,"s:28:4:28:Infinity":5,"s:31:18:43:Infinity":6,"f:33:10:33:11":1,"s:34:18:34:Infinity":7,"b:34:18:34:56:34:56:34:Infinity":2,"s:35:6:35:Infinity":8,"s:36:6:36:Infinity":9,"s:37:6:37:Infinity":10,"f:39:11:39:17":2,"s:40:6:40:Infinity":11,"s:41:6:41:Infinity":12,"s:42:6:42:Infinity":13,"s:45:2:45:Infinity":14,"s:46:2:46:Infinity":15,"f:49:15:49:37":3,"s:50:2:55:Infinity":16,"s:51:23:51:Infinity":17,"b:52:4:52:Infinity:undefined:undefined:undefined:undefined":3,"s:52:4:52:Infinity":18,"s:52:21:52:Infinity":19,"s:53:21:53:Infinity":20,"b:54:4:54:Infinity:undefined:undefined:undefined:undefined":4,"s:54:4:54:Infinity":21,"s:54:18:54:Infinity":22,"s:56:2:56:Infinity":23,"s:59:47:69:Infinity":24,"f:71:9:71:25":4,"s:72:14:72:Infinity":25,"s:73:2:73:Infinity":26,"b:73:9:73:30:73:30:73:Infinity":5,"f:76:9:76:24":5,"s:77:14:86:Infinity":27,"b:78:4:78:16:78:16:78:Infinity":6,"b:84:4:84:31:84:31:84:Infinity":7,"b:85:4:85:46:85:46:85:Infinity":8,"s:88:2:88:Infinity":28,"f:88:36:88:37":6,"s:88:43:88:51":29,"f:92:9:92:25":7,"s:93:13:93:Infinity":30,"s:94:2:96:Infinity":31,"s:94:15:94:18":32,"s:95:4:95:Infinity":33,"s:97:2:97:Infinity":34,"s:122:13:180:Infinity":35,"f:122:37:122:45":8,"b:125:14:125:Infinity":9,"b:127:10:127:Infinity":10,"b:128:14:128:Infinity":11,"s:131:28:131:Infinity":36,"s:132:26:132:Infinity":37,"s:134:2:146:Infinity":38,"f:134:12:134:18":9,"s:135:4:135:Infinity":39,"s:136:4:136:Infinity":40,"s:138:20:138:Infinity":41,"s:139:4:141:Infinity":42,"f:139:66:139:67":10,"b:140:6:140:Infinity:undefined:undefined:undefined:undefined":12,"s:140:6:140:Infinity":43,"s:140:22:140:Infinity":44,"s:143:4:145:Infinity":45,"f:143:11:143:17":11,"s:144:6:144:Infinity":46,"s:148:18:148:Infinity":47,"b:148:18:148:27:148:27:148:Infinity":13,"s:149:19:149:Infinity":48,"b:149:19:149:30:149:30:149:Infinity":14,"s:151:2:178:Infinity":49,"b:157:8:157:21:157:21:157:Infinity":15,"b:158:8:158:21:158:21:158:Infinity":16,"b:161:25:161:103:161:103:161:Infinity":17,"b:165:8:172:Infinity:174:8:176:Infinity":18,"f:169:19:169:25":12,"s:169:25:169:Infinity":50}}}
,"/home/azlan/Workspace/Wellbeing/src/components/ErrorBoundary.tsx": {"path":"/home/azlan/Workspace/Wellbeing/src/components/ErrorBoundary.tsx","statementMap":{"0":{"start":{"line":27,"column":16},"end":{"line":29,"column":null}},"1":{"start":{"line":15,"column":4},"end":{"line":15,"column":null}},"2":{"start":{"line":16,"column":4},"end":{"line":16,"column":null}},"3":{"start":{"line":20,"column":4},"end":{"line":20,"column":null}},"4":{"start":{"line":24,"column":4},"end":{"line":24,"column":null}},"5":{"start":{"line":28,"column":4},"end":{"line":28,"column":null}},"6":{"start":{"line":32,"column":4},"end":{"line":63,"column":null}},"7":{"start":{"line":33,"column":6},"end":{"line":61,"column":null}},"8":{"start":{"line":65,"column":4},"end":{"line":65,"column":null}}},"fnMap":{"0":{"name":"constructor","decl":{"start":{"line":14,"column":2},"end":{"line":14,"column":14}},"loc":{"start":{"line":14,"column":28},"end":{"line":17,"column":null}},"line":14},"1":{"name":"getDerivedStateFromError","decl":{"start":{"line":19,"column":9},"end":{"line":19,"column":34}},"loc":{"start":{"line":19,"column":55},"end":{"line":21,"column":null}},"line":19},"2":{"name":"componentDidCatch","decl":{"start":{"line":23,"column":2},"end":{"line":23,"column":20}},"loc":{"start":{"line":23,"column":62},"end":{"line":25,"column":null}},"line":23},"3":{"name":"(anonymous_3)","decl":{"start":{"line":27,"column":16},"end":{"line":27,"column":22}},"loc":{"start":{"line":27,"column":22},"end":{"line":29,"column":null}},"line":27},"4":{"name":"render","decl":{"start":{"line":31,"column":2},"end":{"line":31,"column":11}},"loc":{"start":{"line":31,"column":11},"end":{"line":66,"column":null}},"line":31}},"branchMap":{"0":{"loc":{"start":{"line":32,"column":4},"end":{"line":63,"column":null}},"type":"if","locations":[{"start":{"line":32,"column":4},"end":{"line":63,"column":null}},{"start":{},"end":{}}],"line":32},"1":{"loc":{"start":{"line":48,"column":13},"end":{"line":51,"column":null}},"type":"binary-expr","locations":[{"start":{"line":48,"column":13},"end":{"line":48,"column":null}},{"start":{"line":49,"column":14},"end":{"line":51,"column":null}}],"line":48}},"s":{"0":0,"1":0,"2":0,"3":0,"4":0,"5":0,"6":0,"7":0,"8":0},"f":{"0":0,"1":0,"2":0,"3":0,"4":0},"b":{"0":[0,0],"1":[0,0]},"meta":{"lastBranch":2,"lastFunction":5,"lastStatement":9,"seen":{"s:27:16:29:Infinity":0,"f:14:2:14:14":0,"s:15:4:15:Infinity":1,"s:16:4:16:Infinity":2,"f:19:9:19:34":1,"s:20:4:20:Infinity":3,"f:23:2:23:20":2,"s:24:4:24:Infinity":4,"f:27:16:27:22":3,"s:28:4:28:Infinity":5,"f:31:2:31:11":4,"b:32:4:63:Infinity:undefined:undefined:undefined:undefined":0,"s:32:4:63:Infinity":6,"s:33:6:61:Infinity":7,"b:48:13:48:Infinity:49:14:51:Infinity":1,"s:65:4:65:Infinity":8}}}
,"/home/azlan/Workspace/Wellbeing/src/components/LimitReached.tsx": {"path":"/home/azlan/Workspace/Wellbeing/src/components/LimitReached.tsx","statementMap":{"0":{"start":{"line":8,"column":28},"end":{"line":8,"column":null}},"1":{"start":{"line":9,"column":32},"end":{"line":9,"column":null}},"2":{"start":{"line":11,"column":2},"end":{"line":17,"column":null}},"3":{"start":{"line":12,"column":19},"end":{"line":12,"column":null}},"4":{"start":{"line":13,"column":16},"end":{"line":13,"column":null}},"5":{"start":{"line":14,"column":4},"end":{"line":16,"column":null}},"6":{"start":{"line":15,"column":6},"end":{"line":15,"column":null}},"7":{"start":{"line":19,"column":24},"end":{"line":29,"column":null}},"8":{"start":{"line":20,"column":4},"end":{"line":20,"column":null}},"9":{"start":{"line":20,"column":18},"end":{"line":20,"column":null}},"10":{"start":{"line":21,"column":4},"end":{"line":21,"column":null}},"11":{"start":{"line":22,"column":4},"end":{"line":27,"column":null}},"12":{"start":{"line":23,"column":6},"end":{"line":23,"column":null}},"13":{"start":{"line":25,"column":6},"end":{"line":25,"column":null}},"14":{"start":{"line":26,"column":6},"end":{"line":26,"column":null}},"15":{"start":{"line":28,"column":4},"end":{"line":28,"column":null}},"16":{"start":{"line":31,"column":29},"end":{"line":41,"column":null}},"17":{"start":{"line":32,"column":4},"end":{"line":32,"column":null}},"18":{"start":{"line":32,"column":18},"end":{"line":32,"column":null}},"19":{"start":{"line":33,"column":4},"end":{"line":33,"column":null}},"20":{"start":{"line":34,"column":4},"end":{"line":39,"column":null}},"21":{"start":{"line":35,"column":6},"end":{"line":35,"column":null}},"22":{"start":{"line":37,"column":6},"end":{"line":37,"column":null}},"23":{"start":{"line":38,"column":6},"end":{"line":38,"column":null}},"24":{"start":{"line":40,"column":4},"end":{"line":40,"column":null}},"25":{"start":{"line":43,"column":2},"end":{"line":92,"column":null}}},"fnMap":{"0":{"name":"LimitReached","decl":{"start":{"line":7,"column":16},"end":{"line":7,"column":31}},"loc":{"start":{"line":7,"column":31},"end":{"line":94,"column":null}},"line":7},"1":{"name":"(anonymous_1)","decl":{"start":{"line":11,"column":12},"end":{"line":11,"column":18}},"loc":{"start":{"line":11,"column":18},"end":{"line":17,"column":5}},"line":11},"2":{"name":"(anonymous_2)","decl":{"start":{"line":19,"column":24},"end":{"line":19,"column":36}},"loc":{"start":{"line":19,"column":36},"end":{"line":29,"column":null}},"line":19},"3":{"name":"(anonymous_3)","decl":{"start":{"line":31,"column":29},"end":{"line":31,"column":41}},"loc":{"start":{"line":31,"column":41},"end":{"line":41,"column":null}},"line":31}},"branchMap":{"0":{"loc":{"start":{"line":14,"column":4},"end":{"line":16,"column":null}},"type":"if","locations":[{"start":{"line":14,"column":4},"end":{"line":16,"column":null}},{"start":{},"end":{}}],"line":14},"1":{"loc":{"start":{"line":20,"column":4},"end":{"line":20,"column":null}},"type":"if","locations":[{"start":{"line":20,"column":4},"end":{"line":20,"column":null}},{"start":{},"end":{}}],"line":20},"2":{"loc":{"start":{"line":32,"column":4},"end":{"line":32,"column":null}},"type":"if","locations":[{"start":{"line":32,"column":4},"end":{"line":32,"column":null}},{"start":{},"end":{}}],"line":32},"3":{"loc":{"start":{"line":60,"column":11},"end":{"line":60,"column":null}},"type":"binary-expr","locations":[{"start":{"line":60,"column":11},"end":{"line":60,"column":22}},{"start":{"line":60,"column":22},"end":{"line":60,"column":null}}],"line":60}},"s":{"0":0,"1":0,"2":0,"3":0,"4":0,"5":0,"6":0,"7":0,"8":0,"9":0,"10":0,"11":0,"12":0,"13":0,"14":0,"15":0,"16":0,"17":0,"18":0,"19":0,"20":0,"21":0,"22":0,"23":0,"24":0,"25":0},"f":{"0":0,"1":0,"2":0,"3":0},"b":{"0":[0,0],"1":[0,0],"2":[0,0],"3":[0,0]},"meta":{"lastBranch":4,"lastFunction":4,"lastStatement":26,"seen":{"f:7:16:7:31":0,"s:8:28:8:Infinity":0,"s:9:32:9:Infinity":1,"s:11:2:17:Infinity":2,"f:11:12:11:18":1,"s:12:19:12:Infinity":3,"s:13:16:13:Infinity":4,"b:14:4:16:Infinity:undefined:undefined:undefined:undefined":0,"s:14:4:16:Infinity":5,"s:15:6:15:Infinity":6,"s:19:24:29:Infinity":7,"f:19:24:19:36":2,"b:20:4:20:Infinity:undefined:undefined:undefined:undefined":1,"s:20:4:20:Infinity":8,"s:20:18:20:Infinity":9,"s:21:4:21:Infinity":10,"s:22:4:27:Infinity":11,"s:23:6:23:Infinity":12,"s:25:6:25:Infinity":13,"s:26:6:26:Infinity":14,"s:28:4:28:Infinity":15,"s:31:29:41:Infinity":16,"f:31:29:31:41":3,"b:32:4:32:Infinity:undefined:undefined:undefined:undefined":2,"s:32:4:32:Infinity":17,"s:32:18:32:Infinity":18,"s:33:4:33:Infinity":19,"s:34:4:39:Infinity":20,"s:35:6:35:Infinity":21,"s:37:6:37:Infinity":22,"s:38:6:38:Infinity":23,"s:40:4:40:Infinity":24,"s:43:2:92:Infinity":25,"b:60:11:60:22:60:22:60:Infinity":3}}}
,"/home/azlan/Workspace/Wellbeing/src/components/dashboard/AIInsights.tsx": {"path":"/home/azlan/Workspace/Wellbeing/src/components/dashboard/AIInsights.tsx","statementMap":{"0":{"start":{"line":6,"column":8},"end":{"line":6,"column":null}},"1":{"start":{"line":6,"column":42},"end":{"line":6,"column":58}},"2":{"start":{"line":7,"column":8},"end":{"line":7,"column":null}},"3":{"start":{"line":7,"column":43},"end":{"line":7,"column":60}},"4":{"start":{"line":9,"column":8},"end":{"line":59,"column":null}},"5":{"start":{"line":10,"column":22},"end":{"line":10,"column":null}},"6":{"start":{"line":12,"column":4},"end":{"line":22,"column":null}},"7":{"start":{"line":13,"column":6},"end":{"line":21,"column":null}},"8":{"start":{"line":25,"column":4},"end":{"line":37,"column":null}},"9":{"start":{"line":26,"column":21},"end":{"line":26,"column":null}},"10":{"start":{"line":26,"column":64},"end":{"line":26,"column":130}},"11":{"start":{"line":27,"column":20},"end":{"line":27,"column":null}},"12":{"start":{"line":28,"column":19},"end":{"line":28,"column":null}},"13":{"start":{"line":30,"column":6},"end":{"line":36,"column":null}},"14":{"start":{"line":40,"column":4},"end":{"line":56,"column":null}},"15":{"start":{"line":41,"column":6},"end":{"line":47,"column":null}},"16":{"start":{"line":48,"column":4},"end":{"line":56,"column":null}},"17":{"start":{"line":49,"column":6},"end":{"line":55,"column":null}},"18":{"start":{"line":58,"column":4},"end":{"line":58,"column":null}},"19":{"start":{"line":61,"column":2},"end":{"line":94,"column":null}},"20":{"start":{"line":77,"column":12},"end":{"line":85,"column":null}}},"fnMap":{"0":{"name":"AIInsights","decl":{"start":{"line":5,"column":16},"end":{"line":5,"column":29}},"loc":{"start":{"line":5,"column":29},"end":{"line":96,"column":null}},"line":5},"1":{"name":"(anonymous_1)","decl":{"start":{"line":6,"column":33},"end":{"line":6,"column":42}},"loc":{"start":{"line":6,"column":42},"end":{"line":6,"column":58}},"line":6},"2":{"name":"(anonymous_2)","decl":{"start":{"line":7,"column":34},"end":{"line":7,"column":43}},"loc":{"start":{"line":7,"column":43},"end":{"line":7,"column":60}},"line":7},"3":{"name":"(anonymous_3)","decl":{"start":{"line":9,"column":27},"end":{"line":9,"column":33}},"loc":{"start":{"line":9,"column":33},"end":{"line":59,"column":5}},"line":9},"4":{"name":"(anonymous_4)","decl":{"start":{"line":26,"column":44},"end":{"line":26,"column":45}},"loc":{"start":{"line":26,"column":64},"end":{"line":26,"column":130}},"line":26},"5":{"name":"(anonymous_5)","decl":{"start":{"line":76,"column":24},"end":{"line":76,"column":null}},"loc":{"start":{"line":77,"column":12},"end":{"line":85,"column":null}},"line":77}},"branchMap":{"0":{"loc":{"start":{"line":12,"column":4},"end":{"line":22,"column":null}},"type":"if","locations":[{"start":{"line":12,"column":4},"end":{"line":22,"column":null}},{"start":{},"end":{}}],"line":12},"1":{"loc":{"start":{"line":12,"column":8},"end":{"line":12,"column":37}},"type":"binary-expr","locations":[{"start":{"line":12,"column":8},"end":{"line":12,"column":23}},{"start":{"line":12,"column":23},"end":{"line":12,"column":37}}],"line":12},"2":{"loc":{"start":{"line":25,"column":4},"end":{"line":37,"column":null}},"type":"if","locations":[{"start":{"line":25,"column":4},"end":{"line":37,"column":null}},{"start":{},"end":{}}],"line":25},"3":{"loc":{"start":{"line":25,"column":8},"end":{"line":25,"column":56}},"type":"binary-expr","locations":[{"start":{"line":25,"column":8},"end":{"line":25,"column":28}},{"start":{"line":25,"column":28},"end":{"line":25,"column":56}}],"line":25},"4":{"loc":{"start":{"line":26,"column":64},"end":{"line":26,"column":130}},"type":"cond-expr","locations":[{"start":{"line":26,"column":116},"end":{"line":26,"column":123}},{"start":{"line":26,"column":123},"end":{"line":26,"column":130}}],"line":26},"5":{"loc":{"start":{"line":33,"column":37},"end":{"line":33,"column":66}},"type":"cond-expr","locations":[{"start":{"line":33,"column":49},"end":{"line":33,"column":64}},{"start":{"line":33,"column":64},"end":{"line":33,"column":66}}],"line":33},"6":{"loc":{"start":{"line":40,"column":4},"end":{"line":56,"column":null}},"type":"if","locations":[{"start":{"line":40,"column":4},"end":{"line":56,"column":null}},{"start":{"line":48,"column":4},"end":{"line":56,"column":null}}],"line":40},"7":{"loc":{"start":{"line":40,"column":8},"end":{"line":40,"column":59}},"type":"binary-expr","locations":[{"start":{"line":40,"column":8},"end":{"line":40,"column":22}},{"start":{"line":40,"column":22},"end":{"line":40,"column":59}}],"line":40},"8":{"loc":{"start":{"line":48,"column":4},"end":{"line":56,"column":null}},"type":"if","locations":[{"start":{"line":48,"column":4},"end":{"line":56,"column":null}},{"start":{},"end":{}}],"line":48}},"s":{"0":0,"1":0,"2":0,"3":0,"4":0,"5":0,"6":0,"7":0,"8":0,"9":0,"10":0,"11":0,"12":0,"13":0,"14":0,"15":0,"16":0,"17":0,"18":0,"19":0,"20":0},"f":{"0":0,"1":0,"2":0,"3":0,"4":0,"5":0},"b":{"0":[0,0],"1":[0,0],"2":[0,0],"3":[0,0],"4":[0,0],"5":[0,0],"6":[0,0],"7":[0,0],"8":[0,0]},"meta":{"lastBranch":9,"lastFunction":6,"lastStatement":21,"seen":{"f:5:16:5:29":0,"s:6:8:6:Infinity":0,"f:6:33:6:42":1,"s:6:42:6:58":1,"s:7:8:7:Infinity":2,"f:7:34:7:43":2,"s:7:43:7:60":3,"s:9:8:59:Infinity":4,"f:9:27:9:33":3,"s:10:22:10:Infinity":5,"b:12:4:22:Infinity:undefined:undefined:undefined:undefined":0,"s:12:4:22:Infinity":6,"b:12:8:12:23:12:23:12:37":1,"s:13:6:21:Infinity":7,"b:25:4:37:Infinity:undefined:undefined:undefined:undefined":2,"s:25:4:37:Infinity":8,"b:25:8:25:28:25:28:25:56":3,"s:26:21:26:Infinity":9,"f:26:44:26:45":4,"s:26:64:26:130":10,"b:26:116:26:123:26:123:26:130":4,"s:27:20:27:Infinity":11,"s:28:19:28:Infinity":12,"s:30:6:36:Infinity":13,"b:33:49:33:64:33:64:33:66":5,"b:40:4:56:Infinity:48:4:56:Infinity":6,"s:40:4:56:Infinity":14,"b:40:8:40:22:40:22:40:59":7,"s:41:6:47:Infinity":15,"b:48:4:56:Infinity:undefined:undefined:undefined:undefined":8,"s:48:4:56:Infinity":16,"s:49:6:55:Infinity":17,"s:58:4:58:Infinity":18,"s:61:2:94:Infinity":19,"f:76:24:76:Infinity":5,"s:77:12:85:Infinity":20}}}
,"/home/azlan/Workspace/Wellbeing/src/components/dashboard/ActivityRing.tsx": {"path":"/home/azlan/Workspace/Wellbeing/src/components/dashboard/ActivityRing.tsx","statementMap":{"0":{"start":{"line":5,"column":15},"end":{"line":5,"column":null}},"1":{"start":{"line":6,"column":14},"end":{"line":6,"column":null}},"2":{"start":{"line":9,"column":28},"end":{"line":9,"column":null}},"3":{"start":{"line":10,"column":8},"end":{"line":10,"column":null}},"4":{"start":{"line":10,"column":42},"end":{"line":10,"column":58}},"5":{"start":{"line":11,"column":8},"end":{"line":11,"column":null}},"6":{"start":{"line":11,"column":46},"end":{"line":11,"column":66}},"7":{"start":{"line":12,"column":8},"end":{"line":12,"column":null}},"8":{"start":{"line":12,"column":51},"end":{"line":12,"column":75}},"9":{"start":{"line":14,"column":8},"end":{"line":14,"column":null}},"10":{"start":{"line":15,"column":2},"end":{"line":15,"column":null}},"11":{"start":{"line":17,"column":2},"end":{"line":20,"column":null}},"12":{"start":{"line":18,"column":4},"end":{"line":18,"column":null}},"13":{"start":{"line":19,"column":4},"end":{"line":19,"column":null}},"14":{"start":{"line":22,"column":8},"end":{"line":26,"column":null}},"15":{"start":{"line":23,"column":4},"end":{"line":25,"column":null}},"16":{"start":{"line":24,"column":44},"end":{"line":24,"column":83}},"17":{"start":{"line":28,"column":8},"end":{"line":47,"column":null}},"18":{"start":{"line":29,"column":4},"end":{"line":46,"column":null}},"19":{"start":{"line":30,"column":20},"end":{"line":30,"column":null}},"20":{"start":{"line":31,"column":22},"end":{"line":31,"column":null}},"21":{"start":{"line":32,"column":23},"end":{"line":34,"column":null}},"22":{"start":{"line":36,"column":6},"end":{"line":43,"column":null}},"23":{"start":{"line":49,"column":23},"end":{"line":49,"column":null}},"24":{"start":{"line":50,"column":21},"end":{"line":50,"column":null}},"25":{"start":{"line":51,"column":28},"end":{"line":51,"column":null}},"26":{"start":{"line":53,"column":2},"end":{"line":59,"column":null}},"27":{"start":{"line":54,"column":4},"end":{"line":57,"column":null}},"28":{"start":{"line":61,"column":2},"end":{"line":128,"column":null}},"29":{"start":{"line":70,"column":22},"end":{"line":70,"column":null}},"30":{"start":{"line":71,"column":12},"end":{"line":71,"column":null}},"31":{"start":{"line":71,"column":24},"end":{"line":71,"column":null}},"32":{"start":{"line":72,"column":22},"end":{"line":72,"column":null}},"33":{"start":{"line":73,"column":31},"end":{"line":73,"column":null}},"34":{"start":{"line":74,"column":31},"end":{"line":74,"column":null}},"35":{"start":{"line":76,"column":12},"end":{"line":88,"column":null}},"36":{"start":{"line":111,"column":12},"end":{"line":124,"column":null}}},"fnMap":{"0":{"name":"ActivityRing","decl":{"start":{"line":8,"column":16},"end":{"line":8,"column":31}},"loc":{"start":{"line":8,"column":31},"end":{"line":130,"column":null}},"line":8},"1":{"name":"(anonymous_1)","decl":{"start":{"line":10,"column":33},"end":{"line":10,"column":42}},"loc":{"start":{"line":10,"column":42},"end":{"line":10,"column":58}},"line":10},"2":{"name":"(anonymous_2)","decl":{"start":{"line":11,"column":37},"end":{"line":11,"column":46}},"loc":{"start":{"line":11,"column":46},"end":{"line":11,"column":66}},"line":11},"3":{"name":"(anonymous_3)","decl":{"start":{"line":12,"column":42},"end":{"line":12,"column":51}},"loc":{"start":{"line":12,"column":51},"end":{"line":12,"column":75}},"line":12},"4":{"name":"(anonymous_4)","decl":{"start":{"line":17,"column":12},"end":{"line":17,"column":18}},"loc":{"start":{"line":17,"column":18},"end":{"line":20,"column":5}},"line":17},"5":{"name":"(anonymous_5)","decl":{"start":{"line":22,"column":23},"end":{"line":22,"column":29}},"loc":{"start":{"line":22,"column":29},"end":{"line":26,"column":5}},"line":22},"6":{"name":"(anonymous_6)","decl":{"start":{"line":24,"column":34},"end":{"line":24,"column":35}},"loc":{"start":{"line":24,"column":44},"end":{"line":24,"column":83}},"line":24},"7":{"name":"(anonymous_7)","decl":{"start":{"line":28,"column":34},"end":{"line":28,"column":40}},"loc":{"start":{"line":28,"column":40},"end":{"line":47,"column":5}},"line":28},"8":{"name":"(anonymous_8)","decl":{"start":{"line":29,"column":38},"end":{"line":29,"column":39}},"loc":{"start":{"line":29,"column":52},"end":{"line":44,"column":5}},"line":29},"9":{"name":"(anonymous_9)","decl":{"start":{"line":69,"column":31},"end":{"line":69,"column":32}},"loc":{"start":{"line":69,"column":48},"end":{"line":90,"column":11}},"line":69},"10":{"name":"(anonymous_10)","decl":{"start":{"line":110,"column":31},"end":{"line":110,"column":32}},"loc":{"start":{"line":111,"column":12},"end":{"line":124,"column":null}},"line":111}},"branchMap":{"0":{"loc":{"start":{"line":23,"column":11},"end":{"line":25,"column":null}},"type":"cond-expr","locations":[{"start":{"line":24,"column":8},"end":{"line":24,"column":null}},{"start":{"line":25,"column":8},"end":{"line":25,"column":null}}],"line":23},"1":{"loc":{"start":{"line":29,"column":11},"end":{"line":46,"column":null}},"type":"cond-expr","locations":[{"start":{"line":29,"column":29},"end":{"line":44,"column":9}},{"start":{"line":44,"column":9},"end":{"line":46,"column":null}}],"line":29},"2":{"loc":{"start":{"line":32,"column":23},"end":{"line":34,"column":null}},"type":"cond-expr","locations":[{"start":{"line":33,"column":10},"end":{"line":33,"column":null}},{"start":{"line":34,"column":10},"end":{"line":34,"column":null}}],"line":32},"3":{"loc":{"start":{"line":49,"column":23},"end":{"line":49,"column":null}},"type":"binary-expr","locations":[{"start":{"line":49,"column":23},"end":{"line":49,"column":52}},{"start":{"line":49,"column":52},"end":{"line":49,"column":null}}],"line":49},"4":{"loc":{"start":{"line":53,"column":2},"end":{"line":59,"column":null}},"type":"if","locations":[{"start":{"line":53,"column":2},"end":{"line":59,"column":null}},{"start":{},"end":{}}],"line":53},"5":{"loc":{"start":{"line":53,"column":6},"end":{"line":53,"column":42}},"type":"binary-expr","locations":[{"start":{"line":53,"column":6},"end":{"line":53,"column":29}},{"start":{"line":53,"column":29},"end":{"line":53,"column":42}}],"line":53},"6":{"loc":{"start":{"line":71,"column":12},"end":{"line":71,"column":null}},"type":"if","locations":[{"start":{"line":71,"column":12},"end":{"line":71,"column":null}},{"start":{},"end":{}}],"line":71},"7":{"loc":{"start":{"line":87,"column":34},"end":{"line":87,"column":null}},"type":"cond-expr","locations":[{"start":{"line":87,"column":44},"end":{"line":87,"column":57}},{"start":{"line":87,"column":57},"end":{"line":87,"column":null}}],"line":87}},"s":{"0":0,"1":0,"2":0,"3":0,"4":0,"5":0,"6":0,"7":0,"8":0,"9":0,"10":0,"11":0,"12":0,"13":0,"14":0,"15":0,"16":0,"17":0,"18":0,"19":0,"20":0,"21":0,"22":0,"23":0,"24":0,"25":0,"26":0,"27":0,"28":0,"29":0,"30":0,"31":0,"32":0,"33":0,"34":0,"35":0,"36":0},"f":{"0":0,"1":0,"2":0,"3":0,"4":0,"5":0,"6":0,"7":0,"8":0,"9":0,"10":0},"b":{"0":[0,0],"1":[0,0],"2":[0,0],"3":[0,0],"4":[0,0],"5":[0,0],"6":[0,0],"7":[0,0]},"meta":{"lastBranch":8,"lastFunction":11,"lastStatement":37,"seen":{"s:5:15:5:Infinity":0,"s:6:14:6:Infinity":1,"f:8:16:8:31":0,"s:9:28:9:Infinity":2,"s:10:8:10:Infinity":3,"f:10:33:10:42":1,"s:10:42:10:58":4,"s:11:8:11:Infinity":5,"f:11:37:11:46":2,"s:11:46:11:66":6,"s:12:8:12:Infinity":7,"f:12:42:12:51":3,"s:12:51:12:75":8,"s:14:8:14:Infinity":9,"s:15:2:15:Infinity":10,"s:17:2:20:Infinity":11,"f:17:12:17:18":4,"s:18:4:18:Infinity":12,"s:19:4:19:Infinity":13,"s:22:8:26:Infinity":14,"f:22:23:22:29":5,"s:23:4:25:Infinity":15,"b:24:8:24:Infinity:25:8:25:Infinity":0,"f:24:34:24:35":6,"s:24:44:24:83":16,"s:28:8:47:Infinity":17,"f:28:34:28:40":7,"s:29:4:46:Infinity":18,"b:29:29:44:9:44:9:46:Infinity":1,"f:29:38:29:39":8,"s:30:20:30:Infinity":19,"s:31:22:31:Infinity":20,"s:32:23:34:Infinity":21,"b:33:10:33:Infinity:34:10:34:Infinity":2,"s:36:6:43:Infinity":22,"s:49:23:49:Infinity":23,"b:49:23:49:52:49:52:49:Infinity":3,"s:50:21:50:Infinity":24,"s:51:28:51:Infinity":25,"b:53:2:59:Infinity:undefined:undefined:undefined:undefined":4,"s:53:2:59:Infinity":26,"b:53:6:53:29:53:29:53:42":5,"s:54:4:57:Infinity":27,"s:61:2:128:Infinity":28,"f:69:31:69:32":9,"s:70:22:70:Infinity":29,"b:71:12:71:Infinity:undefined:undefined:undefined:undefined":6,"s:71:12:71:Infinity":30,"s:71:24:71:Infinity":31,"s:72:22:72:Infinity":32,"s:73:31:73:Infinity":33,"s:74:31:74:Infinity":34,"s:76:12:88:Infinity":35,"b:87:44:87:57:87:57:87:Infinity":7,"f:110:31:110:32":10,"s:111:12:124:Infinity":36}}}
,"/home/azlan/Workspace/Wellbeing/src/components/dashboard/DailyProgress.tsx": {"path":"/home/azlan/Workspace/Wellbeing/src/components/dashboard/DailyProgress.tsx","statementMap":{"0":{"start":{"line":7,"column":40},"end":{"line":7,"column":null}},"1":{"start":{"line":8,"column":28},"end":{"line":8,"column":null}},"2":{"start":{"line":9,"column":8},"end":{"line":9,"column":null}},"3":{"start":{"line":11,"column":2},"end":{"line":13,"column":null}},"4":{"start":{"line":12,"column":4},"end":{"line":12,"column":null}},"5":{"start":{"line":12,"column":19},"end":{"line":12,"column":47}},"6":{"start":{"line":15,"column":2},"end":{"line":17,"column":null}},"7":{"start":{"line":16,"column":4},"end":{"line":16,"column":null}},"8":{"start":{"line":19,"column":20},"end":{"line":29,"column":null}},"9":{"start":{"line":20,"column":4},"end":{"line":28,"column":null}},"10":{"start":{"line":21,"column":6},"end":{"line":21,"column":null}},"11":{"start":{"line":22,"column":20},"end":{"line":22,"column":null}},"12":{"start":{"line":23,"column":6},"end":{"line":23,"column":null}},"13":{"start":{"line":23,"column":30},"end":{"line":23,"column":null}},"14":{"start":{"line":25,"column":6},"end":{"line":25,"column":null}},"15":{"start":{"line":27,"column":6},"end":{"line":27,"column":null}},"16":{"start":{"line":27,"column":30},"end":{"line":27,"column":null}},"17":{"start":{"line":31,"column":25},"end":{"line":39,"column":null}},"18":{"start":{"line":32,"column":4},"end":{"line":32,"column":null}},"19":{"start":{"line":32,"column":16},"end":{"line":32,"column":null}},"20":{"start":{"line":33,"column":4},"end":{"line":38,"column":null}},"21":{"start":{"line":34,"column":22},"end":{"line":34,"column":null}},"22":{"start":{"line":35,"column":23},"end":{"line":35,"column":null}},"23":{"start":{"line":36,"column":23},"end":{"line":36,"column":null}},"24":{"start":{"line":37,"column":15},"end":{"line":37,"column":null}},"25":{"start":{"line":41,"column":2},"end":{"line":101,"column":null}},"26":{"start":{"line":55,"column":14},"end":{"line":61,"column":null}},"27":{"start":{"line":72,"column":31},"end":{"line":76,"column":null}},"28":{"start":{"line":73,"column":26},"end":{"line":73,"column":null}},"29":{"start":{"line":74,"column":27},"end":{"line":74,"column":null}},"30":{"start":{"line":75,"column":14},"end":{"line":75,"column":null}},"31":{"start":{"line":78,"column":29},"end":{"line":80,"column":null}},"32":{"start":{"line":82,"column":12},"end":{"line":96,"column":null}}},"fnMap":{"0":{"name":"DailyProgress","decl":{"start":{"line":6,"column":16},"end":{"line":6,"column":32}},"loc":{"start":{"line":6,"column":32},"end":{"line":103,"column":null}},"line":6},"1":{"name":"(anonymous_1)","decl":{"start":{"line":11,"column":12},"end":{"line":11,"column":18}},"loc":{"start":{"line":11,"column":18},"end":{"line":13,"column":5}},"line":11},"2":{"name":"(anonymous_2)","decl":{"start":{"line":12,"column":11},"end":{"line":12,"column":17}},"loc":{"start":{"line":12,"column":17},"end":{"line":12,"column":null}},"line":12},"3":{"name":"(anonymous_3)","decl":{"start":{"line":15,"column":12},"end":{"line":15,"column":18}},"loc":{"start":{"line":15,"column":18},"end":{"line":17,"column":5}},"line":15},"4":{"name":"(anonymous_4)","decl":{"start":{"line":19,"column":20},"end":{"line":19,"column":32}},"loc":{"start":{"line":19,"column":32},"end":{"line":29,"column":null}},"line":19},"5":{"name":"(anonymous_5)","decl":{"start":{"line":31,"column":25},"end":{"line":31,"column":26}},"loc":{"start":{"line":31,"column":62},"end":{"line":39,"column":null}},"line":31},"6":{"name":"(anonymous_6)","decl":{"start":{"line":54,"column":27},"end":{"line":54,"column":null}},"loc":{"start":{"line":55,"column":14},"end":{"line":61,"column":null}},"line":55},"7":{"name":"(anonymous_7)","decl":{"start":{"line":71,"column":28},"end":{"line":71,"column":36}},"loc":{"start":{"line":71,"column":36},"end":{"line":98,"column":11}},"line":71},"8":{"name":"(anonymous_8)","decl":{"start":{"line":72,"column":31},"end":{"line":72,"column":32}},"loc":{"start":{"line":72,"column":46},"end":{"line":76,"column":null}},"line":72}},"branchMap":{"0":{"loc":{"start":{"line":23,"column":6},"end":{"line":23,"column":null}},"type":"if","locations":[{"start":{"line":23,"column":6},"end":{"line":23,"column":null}},{"start":{},"end":{}}],"line":23},"1":{"loc":{"start":{"line":27,"column":6},"end":{"line":27,"column":null}},"type":"if","locations":[{"start":{"line":27,"column":6},"end":{"line":27,"column":null}},{"start":{},"end":{}}],"line":27},"2":{"loc":{"start":{"line":32,"column":4},"end":{"line":32,"column":null}},"type":"if","locations":[{"start":{"line":32,"column":4},"end":{"line":32,"column":null}},{"start":{},"end":{}}],"line":32},"3":{"loc":{"start":{"line":33,"column":4},"end":{"line":38,"column":null}},"type":"switch","locations":[{"start":{"line":34,"column":6},"end":{"line":34,"column":null}},{"start":{"line":35,"column":6},"end":{"line":35,"column":null}},{"start":{"line":36,"column":6},"end":{"line":36,"column":null}},{"start":{"line":37,"column":6},"end":{"line":37,"column":null}}],"line":33},"4":{"loc":{"start":{"line":52,"column":9},"end":{"line":98,"column":null}},"type":"cond-expr","locations":[{"start":{"line":53,"column":10},"end":{"line":63,"column":null}},{"start":{"line":64,"column":12},"end":{"line":98,"column":null}}],"line":52},"5":{"loc":{"start":{"line":64,"column":12},"end":{"line":98,"column":null}},"type":"cond-expr","locations":[{"start":{"line":65,"column":10},"end":{"line":69,"column":null}},{"start":{"line":71,"column":10},"end":{"line":98,"column":null}}],"line":64},"6":{"loc":{"start":{"line":75,"column":21},"end":{"line":75,"column":null}},"type":"cond-expr","locations":[{"start":{"line":75,"column":31},"end":{"line":75,"column":52}},{"start":{"line":75,"column":52},"end":{"line":75,"column":null}}],"line":75},"7":{"loc":{"start":{"line":78,"column":29},"end":{"line":80,"column":null}},"type":"cond-expr","locations":[{"start":{"line":79,"column":16},"end":{"line":79,"column":null}},{"start":{"line":80,"column":16},"end":{"line":80,"column":null}}],"line":78}},"s":{"0":0,"1":0,"2":0,"3":0,"4":0,"5":0,"6":0,"7":0,"8":0,"9":0,"10":0,"11":0,"12":0,"13":0,"14":0,"15":0,"16":0,"17":0,"18":0,"19":0,"20":0,"21":0,"22":0,"23":0,"24":0,"25":0,"26":0,"27":0,"28":0,"29":0,"30":0,"31":0,"32":0},"f":{"0":0,"1":0,"2":0,"3":0,"4":0,"5":0,"6":0,"7":0,"8":0},"b":{"0":[0,0],"1":[0,0],"2":[0,0],"3":[0,0,0,0],"4":[0,0],"5":[0,0],"6":[0,0],"7":[0,0]},"meta":{"lastBranch":8,"lastFunction":9,"lastStatement":33,"seen":{"f:6:16:6:32":0,"s:7:40:7:Infinity":0,"s:8:28:8:Infinity":1,"s:9:8:9:Infinity":2,"s:11:2:13:Infinity":3,"f:11:12:11:18":1,"s:12:4:12:Infinity":4,"f:12:11:12:17":2,"s:12:19:12:47":5,"s:15:2:17:Infinity":6,"f:15:12:15:18":3,"s:16:4:16:Infinity":7,"s:19:20:29:Infinity":8,"f:19:20:19:32":4,"s:20:4:28:Infinity":9,"s:21:6:21:Infinity":10,"s:22:20:22:Infinity":11,"b:23:6:23:Infinity:undefined:undefined:undefined:undefined":0,"s:23:6:23:Infinity":12,"s:23:30:23:Infinity":13,"s:25:6:25:Infinity":14,"b:27:6:27:Infinity:undefined:undefined:undefined:undefined":1,"s:27:6:27:Infinity":15,"s:27:30:27:Infinity":16,"s:31:25:39:Infinity":17,"f:31:25:31:26":5,"b:32:4:32:Infinity:undefined:undefined:undefined:undefined":2,"s:32:4:32:Infinity":18,"s:32:16:32:Infinity":19,"b:34:6:34:Infinity:35:6:35:Infinity:36:6:36:Infinity:37:6:37:Infinity":3,"s:33:4:38:Infinity":20,"s:34:22:34:Infinity":21,"s:35:23:35:Infinity":22,"s:36:23:36:Infinity":23,"s:37:15:37:Infinity":24,"s:41:2:101:Infinity":25,"b:53:10:63:Infinity:64:12:98:Infinity":4,"f:54:27:54:Infinity":6,"s:55:14:61:Infinity":26,"b:65:10:69:Infinity:71:10:98:Infinity":5,"f:71:28:71:36":7,"s:72:31:76:Infinity":27,"f:72:31:72:32":8,"s:73:26:73:Infinity":28,"s:74:27:74:Infinity":29,"s:75:14:75:Infinity":30,"b:75:31:75:52:75:52:75:Infinity":6,"s:78:29:80:Infinity":31,"b:79:16:79:Infinity:80:16:80:Infinity":7,"s:82:12:96:Infinity":32}}}
,"/home/azlan/Workspace/Wellbeing/src/components/dashboard/RecentEntries.tsx": {"path":"/home/azlan/Workspace/Wellbeing/src/components/dashboard/RecentEntries.tsx","statementMap":{"0":{"start":{"line":7,"column":15},"end":{"line":7,"column":null}},"1":{"start":{"line":18,"column":8},"end":{"line":18,"column":null}},"2":{"start":{"line":18,"column":42},"end":{"line":18,"column":58}},"3":{"start":{"line":19,"column":8},"end":{"line":19,"column":null}},"4":{"start":{"line":19,"column":46},"end":{"line":19,"column":66}},"5":{"start":{"line":21,"column":8},"end":{"line":21,"column":null}},"6":{"start":{"line":22,"column":2},"end":{"line":22,"column":null}},"7":{"start":{"line":24,"column":2},"end":{"line":26,"column":null}},"8":{"start":{"line":25,"column":4},"end":{"line":25,"column":null}},"9":{"start":{"line":28,"column":15},"end":{"line":30,"column":null}},"10":{"start":{"line":30,"column":62},"end":{"line":30,"column":101}},"11":{"start":{"line":32,"column":16},"end":{"line":34,"column":null}},"12":{"start":{"line":36,"column":2},"end":{"line":104,"column":null}},"13":{"start":{"line":70,"column":26},"end":{"line":70,"column":null}},"14":{"start":{"line":71,"column":26},"end":{"line":71,"column":null}},"15":{"start":{"line":72,"column":28},"end":{"line":72,"column":null}},"16":{"start":{"line":73,"column":32},"end":{"line":73,"column":null}},"17":{"start":{"line":75,"column":12},"end":{"line":99,"column":null}}},"fnMap":{"0":{"name":"RecentEntries","decl":{"start":{"line":17,"column":16},"end":{"line":17,"column":30}},"loc":{"start":{"line":17,"column":124},"end":{"line":106,"column":null}},"line":17},"1":{"name":"(anonymous_1)","decl":{"start":{"line":18,"column":33},"end":{"line":18,"column":42}},"loc":{"start":{"line":18,"column":42},"end":{"line":18,"column":58}},"line":18},"2":{"name":"(anonymous_2)","decl":{"start":{"line":19,"column":37},"end":{"line":19,"column":46}},"loc":{"start":{"line":19,"column":46},"end":{"line":19,"column":66}},"line":19},"3":{"name":"(anonymous_3)","decl":{"start":{"line":24,"column":12},"end":{"line":24,"column":18}},"loc":{"start":{"line":24,"column":18},"end":{"line":26,"column":5}},"line":24},"4":{"name":"(anonymous_4)","decl":{"start":{"line":30,"column":52},"end":{"line":30,"column":53}},"loc":{"start":{"line":30,"column":62},"end":{"line":30,"column":101}},"line":30},"5":{"name":"(anonymous_5)","decl":{"start":{"line":69,"column":20},"end":{"line":69,"column":21}},"loc":{"start":{"line":69,"column":34},"end":{"line":101,"column":11}},"line":69}},"branchMap":{"0":{"loc":{"start":{"line":28,"column":15},"end":{"line":30,"column":null}},"type":"cond-expr","locations":[{"start":{"line":29,"column":6},"end":{"line":29,"column":null}},{"start":{"line":30,"column":7},"end":{"line":30,"column":null}}],"line":28},"1":{"loc":{"start":{"line":28,"column":15},"end":{"line":28,"column":null}},"type":"binary-expr","locations":[{"start":{"line":28,"column":15},"end":{"line":28,"column":31}},{"start":{"line":28,"column":31},"end":{"line":28,"column":null}}],"line":28},"2":{"loc":{"start":{"line":30,"column":7},"end":{"line":30,"column":null}},"type":"cond-expr","locations":[{"start":{"line":30,"column":26},"end":{"line":30,"column":117}},{"start":{"line":30,"column":117},"end":{"line":30,"column":null}}],"line":30},"3":{"loc":{"start":{"line":32,"column":16},"end":{"line":34,"column":null}},"type":"cond-expr","locations":[{"start":{"line":33,"column":6},"end":{"line":33,"column":null}},{"start":{"line":34,"column":6},"end":{"line":34,"column":null}}],"line":32},"4":{"loc":{"start":{"line":41,"column":11},"end":{"line":49,"column":null}},"type":"binary-expr","locations":[{"start":{"line":41,"column":11},"end":{"line":41,"column":null}},{"start":{"line":42,"column":12},"end":{"line":49,"column":null}}],"line":41},"5":{"loc":{"start":{"line":58,"column":7},"end":{"line":102,"column":null}},"type":"cond-expr","locations":[{"start":{"line":59,"column":8},"end":{"line":61,"column":null}},{"start":{"line":63,"column":8},"end":{"line":102,"column":null}}],"line":58},"6":{"loc":{"start":{"line":64,"column":11},"end":{"line":67,"column":null}},"type":"binary-expr","locations":[{"start":{"line":64,"column":11},"end":{"line":64,"column":null}},{"start":{"line":65,"column":12},"end":{"line":67,"column":null}}],"line":64},"7":{"loc":{"start":{"line":66,"column":15},"end":{"line":66,"column":null}},"type":"cond-expr","locations":[{"start":{"line":66,"column":30},"end":{"line":66,"column":73}},{"start":{"line":66,"column":73},"end":{"line":66,"column":null}}],"line":66},"8":{"loc":{"start":{"line":73,"column":32},"end":{"line":73,"column":null}},"type":"cond-expr","locations":[{"start":{"line":73,"column":44},"end":{"line":73,"column":70}},{"start":{"line":73,"column":70},"end":{"line":73,"column":null}}],"line":73},"9":{"loc":{"start":{"line":84,"column":36},"end":{"line":84,"column":null}},"type":"binary-expr","locations":[{"start":{"line":84,"column":36},"end":{"line":84,"column":74}},{"start":{"line":84,"column":74},"end":{"line":84,"column":null}}],"line":84},"10":{"loc":{"start":{"line":91,"column":84},"end":{"line":91,"column":116}},"type":"binary-expr","locations":[{"start":{"line":91,"column":84},"end":{"line":91,"column":100}},{"start":{"line":91,"column":100},"end":{"line":91,"column":116}}],"line":91}},"s":{"0":0,"1":0,"2":0,"3":0,"4":0,"5":0,"6":0,"7":0,"8":0,"9":0,"10":0,"11":0,"12":0,"13":0,"14":0,"15":0,"16":0,"17":0},"f":{"0":0,"1":0,"2":0,"3":0,"4":0,"5":0},"b":{"0":[0,0],"1":[0,0],"2":[0,0],"3":[0,0],"4":[0,0],"5":[0,0],"6":[0,0],"7":[0,0],"8":[0,0],"9":[0,0],"10":[0,0]},"meta":{"lastBranch":11,"lastFunction":6,"lastStatement":18,"seen":{"s:7:15:7:Infinity":0,"f:17:16:17:30":0,"s:18:8:18:Infinity":1,"f:18:33:18:42":1,"s:18:42:18:58":2,"s:19:8:19:Infinity":3,"f:19:37:19:46":2,"s:19:46:19:66":4,"s:21:8:21:Infinity":5,"s:22:2:22:Infinity":6,"s:24:2:26:Infinity":7,"f:24:12:24:18":3,"s:25:4:25:Infinity":8,"s:28:15:30:Infinity":9,"b:29:6:29:Infinity:30:7:30:Infinity":0,"b:28:15:28:31:28:31:28:Infinity":1,"b:30:26:30:117:30:117:30:Infinity":2,"f:30:52:30:53":4,"s:30:62:30:101":10,"s:32:16:34:Infinity":11,"b:33:6:33:Infinity:34:6:34:Infinity":3,"s:36:2:104:Infinity":12,"b:41:11:41:Infinity:42:12:49:Infinity":4,"b:59:8:61:Infinity:63:8:102:Infinity":5,"b:64:11:64:Infinity:65:12:67:Infinity":6,"b:66:30:66:73:66:73:66:Infinity":7,"f:69:20:69:21":5,"s:70:26:70:Infinity":13,"s:71:26:71:Infinity":14,"s:72:28:72:Infinity":15,"s:73:32:73:Infinity":16,"b:73:44:73:70:73:70:73:Infinity":8,"s:75:12:99:Infinity":17,"b:84:36:84:74:84:74:84:Infinity":9,"b:91:84:91:100:91:100:91:116":10}}}
,"/home/azlan/Workspace/Wellbeing/src/components/dashboard/WeeklyActivity.tsx": {"path":"/home/azlan/Workspace/Wellbeing/src/components/dashboard/WeeklyActivity.tsx","statementMap":{"0":{"start":{"line":7,"column":8},"end":{"line":7,"column":null}},"1":{"start":{"line":7,"column":43},"end":{"line":7,"column":60}},"2":{"start":{"line":8,"column":8},"end":{"line":8,"column":null}},"3":{"start":{"line":8,"column":47},"end":{"line":8,"column":68}},"4":{"start":{"line":10,"column":8},"end":{"line":10,"column":null}},"5":{"start":{"line":11,"column":2},"end":{"line":11,"column":null}},"6":{"start":{"line":13,"column":2},"end":{"line":15,"column":null}},"7":{"start":{"line":14,"column":4},"end":{"line":14,"column":null}},"8":{"start":{"line":17,"column":8},"end":{"line":54,"column":null}},"9":{"start":{"line":18,"column":4},"end":{"line":18,"column":null}},"10":{"start":{"line":18,"column":43},"end":{"line":18,"column":null}},"11":{"start":{"line":20,"column":17},"end":{"line":20,"column":null}},"12":{"start":{"line":21,"column":21},"end":{"line":21,"column":null}},"13":{"start":{"line":22,"column":4},"end":{"line":39,"column":null}},"14":{"start":{"line":22,"column":17},"end":{"line":22,"column":20}},"15":{"start":{"line":23,"column":16},"end":{"line":23,"column":null}},"16":{"start":{"line":24,"column":6},"end":{"line":24,"column":null}},"17":{"start":{"line":25,"column":19},"end":{"line":25,"column":null}},"18":{"start":{"line":26,"column":20},"end":{"line":26,"column":null}},"19":{"start":{"line":27,"column":18},"end":{"line":27,"column":null}},"20":{"start":{"line":28,"column":22},"end":{"line":28,"column":null}},"21":{"start":{"line":30,"column":19},"end":{"line":30,"column":null}},"22":{"start":{"line":30,"column":46},"end":{"line":30,"column":64}},"23":{"start":{"line":31,"column":6},"end":{"line":31,"column":null}},"24":{"start":{"line":31,"column":16},"end":{"line":31,"column":null}},"25":{"start":{"line":33,"column":6},"end":{"line":38,"column":null}},"26":{"start":{"line":41,"column":4},"end":{"line":51,"column":null}},"27":{"start":{"line":42,"column":6},"end":{"line":50,"column":null}},"28":{"start":{"line":43,"column":18},"end":{"line":43,"column":null}},"29":{"start":{"line":44,"column":8},"end":{"line":49,"column":null}},"30":{"start":{"line":53,"column":4},"end":{"line":53,"column":null}},"31":{"start":{"line":56,"column":19},"end":{"line":56,"column":null}},"32":{"start":{"line":56,"column":50},"end":{"line":56,"column":57}},"33":{"start":{"line":58,"column":2},"end":{"line":73,"column":null}},"34":{"start":{"line":59,"column":4},"end":{"line":71,"column":null}},"35":{"start":{"line":67,"column":14},"end":{"line":67,"column":null}},"36":{"start":{"line":75,"column":2},"end":{"line":133,"column":null}},"37":{"start":{"line":98,"column":40},"end":{"line":98,"column":null}},"38":{"start":{"line":104,"column":16},"end":{"line":113,"column":null}},"39":{"start":{"line":105,"column":18},"end":{"line":111,"column":null}},"40":{"start":{"line":114,"column":16},"end":{"line":114,"column":null}},"41":{"start":{"line":117,"column":107},"end":{"line":117,"column":null}},"42":{"start":{"line":119,"column":16},"end":{"line":127,"column":null}}},"fnMap":{"0":{"name":"WeeklyActivity","decl":{"start":{"line":6,"column":16},"end":{"line":6,"column":31}},"loc":{"start":{"line":6,"column":88},"end":{"line":135,"column":null}},"line":6},"1":{"name":"(anonymous_1)","decl":{"start":{"line":7,"column":34},"end":{"line":7,"column":43}},"loc":{"start":{"line":7,"column":43},"end":{"line":7,"column":60}},"line":7},"2":{"name":"(anonymous_2)","decl":{"start":{"line":8,"column":38},"end":{"line":8,"column":47}},"loc":{"start":{"line":8,"column":47},"end":{"line":8,"column":68}},"line":8},"3":{"name":"(anonymous_3)","decl":{"start":{"line":13,"column":12},"end":{"line":13,"column":18}},"loc":{"start":{"line":13,"column":18},"end":{"line":15,"column":5}},"line":13},"4":{"name":"(anonymous_4)","decl":{"start":{"line":17,"column":28},"end":{"line":17,"column":34}},"loc":{"start":{"line":17,"column":34},"end":{"line":54,"column":5}},"line":17},"5":{"name":"(anonymous_5)","decl":{"start":{"line":30,"column":41},"end":{"line":30,"column":46}},"loc":{"start":{"line":30,"column":46},"end":{"line":30,"column":64}},"line":30},"6":{"name":"(anonymous_6)","decl":{"start":{"line":42,"column":44},"end":{"line":42,"column":52}},"loc":{"start":{"line":42,"column":52},"end":{"line":50,"column":7}},"line":42},"7":{"name":"(anonymous_7)","decl":{"start":{"line":56,"column":45},"end":{"line":56,"column":50}},"loc":{"start":{"line":56,"column":50},"end":{"line":56,"column":57}},"line":56},"8":{"name":"(anonymous_8)","decl":{"start":{"line":66,"column":39},"end":{"line":66,"column":null}},"loc":{"start":{"line":67,"column":14},"end":{"line":67,"column":null}},"line":67},"9":{"name":"(anonymous_9)","decl":{"start":{"line":98,"column":29},"end":{"line":98,"column":30}},"loc":{"start":{"line":98,"column":40},"end":{"line":98,"column":null}},"line":98},"10":{"name":"(anonymous_10)","decl":{"start":{"line":103,"column":23},"end":{"line":103,"column":24}},"loc":{"start":{"line":103,"column":48},"end":{"line":115,"column":null}},"line":103},"11":{"name":"(anonymous_11)","decl":{"start":{"line":117,"column":97},"end":{"line":117,"column":98}},"loc":{"start":{"line":117,"column":107},"end":{"line":117,"column":null}},"line":117},"12":{"name":"(anonymous_12)","decl":{"start":{"line":118,"column":29},"end":{"line":118,"column":30}},"loc":{"start":{"line":119,"column":16},"end":{"line":127,"column":null}},"line":119}},"branchMap":{"0":{"loc":{"start":{"line":18,"column":4},"end":{"line":18,"column":null}},"type":"if","locations":[{"start":{"line":18,"column":4},"end":{"line":18,"column":null}},{"start":{},"end":{}}],"line":18},"1":{"loc":{"start":{"line":18,"column":8},"end":{"line":18,"column":43}},"type":"binary-expr","locations":[{"start":{"line":18,"column":8},"end":{"line":18,"column":24}},{"start":{"line":18,"column":24},"end":{"line":18,"column":43}}],"line":18},"2":{"loc":{"start":{"line":31,"column":6},"end":{"line":31,"column":null}},"type":"if","locations":[{"start":{"line":31,"column":6},"end":{"line":31,"column":null}},{"start":{},"end":{}}],"line":31},"3":{"loc":{"start":{"line":36,"column":17},"end":{"line":36,"column":null}},"type":"cond-expr","locations":[{"start":{"line":36,"column":24},"end":{"line":36,"column":45}},{"start":{"line":36,"column":45},"end":{"line":36,"column":null}}],"line":36},"4":{"loc":{"start":{"line":37,"column":15},"end":{"line":37,"column":null}},"type":"cond-expr","locations":[{"start":{"line":37,"column":22},"end":{"line":37,"column":71}},{"start":{"line":37,"column":71},"end":{"line":37,"column":null}}],"line":37},"5":{"loc":{"start":{"line":41,"column":4},"end":{"line":51,"column":null}},"type":"if","locations":[{"start":{"line":41,"column":4},"end":{"line":51,"column":null}},{"start":{},"end":{}}],"line":41},"6":{"loc":{"start":{"line":41,"column":8},"end":{"line":41,"column":52}},"type":"binary-expr","locations":[{"start":{"line":41,"column":8},"end":{"line":41,"column":23}},{"start":{"line":41,"column":23},"end":{"line":41,"column":52}}],"line":41},"7":{"loc":{"start":{"line":45,"column":15},"end":{"line":45,"column":null}},"type":"cond-expr","locations":[{"start":{"line":45,"column":36},"end":{"line":45,"column":58}},{"start":{"line":45,"column":58},"end":{"line":45,"column":null}}],"line":45},"8":{"loc":{"start":{"line":58,"column":2},"end":{"line":73,"column":null}},"type":"if","locations":[{"start":{"line":58,"column":2},"end":{"line":73,"column":null}},{"start":{},"end":{}}],"line":58},"9":{"loc":{"start":{"line":104,"column":16},"end":{"line":113,"column":null}},"type":"if","locations":[{"start":{"line":104,"column":16},"end":{"line":113,"column":null}},{"start":{},"end":{}}],"line":104},"10":{"loc":{"start":{"line":104,"column":20},"end":{"line":104,"column":57}},"type":"binary-expr","locations":[{"start":{"line":104,"column":20},"end":{"line":104,"column":30}},{"start":{"line":104,"column":30},"end":{"line":104,"column":41}},{"start":{"line":104,"column":41},"end":{"line":104,"column":57}}],"line":104},"11":{"loc":{"start":{"line":123,"column":20},"end":{"line":125,"column":null}},"type":"cond-expr","locations":[{"start":{"line":124,"column":24},"end":{"line":124,"column":null}},{"start":{"line":125,"column":24},"end":{"line":125,"column":null}}],"line":123}},"s":{"0":0,"1":0,"2":0,"3":0,"4":0,"5":0,"6":0,"7":0,"8":0,"9":0,"10":0,"11":0,"12":0,"13":0,"14":0,"15":0,"16":0,"17":0,"18":0,"19":0,"20":0,"21":0,"22":0,"23":0,"24":0,"25":0,"26":0,"27":0,"28":0,"29":0,"30":0,"31":0,"32":0,"33":0,"34":0,"35":0,"36":0,"37":0,"38":0,"39":0,"40":0,"41":0,"42":0},"f":{"0":0,"1":0,"2":0,"3":0,"4":0,"5":0,"6":0,"7":0,"8":0,"9":0,"10":0,"11":0,"12":0},"b":{"0":[0,0],"1":[0,0],"2":[0,0],"3":[0,0],"4":[0,0],"5":[0,0],"6":[0,0],"7":[0,0],"8":[0,0],"9":[0,0],"10":[0,0,0],"11":[0,0]},"meta":{"lastBranch":12,"lastFunction":13,"lastStatement":43,"seen":{"f:6:16:6:31":0,"s:7:8:7:Infinity":0,"f:7:34:7:43":1,"s:7:43:7:60":1,"s:8:8:8:Infinity":2,"f:8:38:8:47":2,"s:8:47:8:68":3,"s:10:8:10:Infinity":4,"s:11:2:11:Infinity":5,"s:13:2:15:Infinity":6,"f:13:12:13:18":3,"s:14:4:14:Infinity":7,"s:17:8:54:Infinity":8,"f:17:28:17:34":4,"b:18:4:18:Infinity:undefined:undefined:undefined:undefined":0,"s:18:4:18:Infinity":9,"b:18:8:18:24:18:24:18:43":1,"s:18:43:18:Infinity":10,"s:20:17:20:Infinity":11,"s:21:21:21:Infinity":12,"s:22:4:39:Infinity":13,"s:22:17:22:20":14,"s:23:16:23:Infinity":15,"s:24:6:24:Infinity":16,"s:25:19:25:Infinity":17,"s:26:20:26:Infinity":18,"s:27:18:27:Infinity":19,"s:28:22:28:Infinity":20,"s:30:19:30:Infinity":21,"f:30:41:30:46":5,"s:30:46:30:64":22,"b:31:6:31:Infinity:undefined:undefined:undefined:undefined":2,"s:31:6:31:Infinity":23,"s:31:16:31:Infinity":24,"s:33:6:38:Infinity":25,"b:36:24:36:45:36:45:36:Infinity":3,"b:37:22:37:71:37:71:37:Infinity":4,"b:41:4:51:Infinity:undefined:undefined:undefined:undefined":5,"s:41:4:51:Infinity":26,"b:41:8:41:23:41:23:41:52":6,"s:42:6:50:Infinity":27,"f:42:44:42:52":6,"s:43:18:43:Infinity":28,"s:44:8:49:Infinity":29,"b:45:36:45:58:45:58:45:Infinity":7,"s:53:4:53:Infinity":30,"s:56:19:56:Infinity":31,"f:56:45:56:50":7,"s:56:50:56:57":32,"b:58:2:73:Infinity:undefined:undefined:undefined:undefined":8,"s:58:2:73:Infinity":33,"s:59:4:71:Infinity":34,"f:66:39:66:Infinity":8,"s:67:14:67:Infinity":35,"s:75:2:133:Infinity":36,"f:98:29:98:30":9,"s:98:40:98:Infinity":37,"f:103:23:103:24":10,"b:104:16:113:Infinity:undefined:undefined:undefined:undefined":9,"s:104:16:113:Infinity":38,"b:104:20:104:30:104:30:104:41:104:41:104:57":10,"s:105:18:111:Infinity":39,"s:114:16:114:Infinity":40,"f:117:97:117:98":11,"s:117:107:117:Infinity":41,"f:118:29:118:30":12,"s:119:16:127:Infinity":42,"b:124:24:124:Infinity:125:24:125:Infinity":11}}}
,"/home/azlan/Workspace/Wellbeing/src/components/dashboard/constants.ts": {"path":"/home/azlan/Workspace/Wellbeing/src/components/dashboard/constants.ts","statementMap":{"0":{"start":{"line":2,"column":22},"end":{"line":11,"column":null}},"1":{"start":{"line":13,"column":55},"end":{"line":24,"column":null}},"2":{"start":{"line":27,"column":28},"end":{"line":31,"column":null}}},"fnMap":{},"branchMap":{},"s":{"0":0,"1":0,"2":0},"f":{},"b":{},"meta":{"lastBranch":0,"lastFunction":0,"lastStatement":3,"seen":{"s:2:22:11:Infinity":0,"s:13:55:24:Infinity":1,"s:27:28:31:Infinity":2}}}
,"/home/azlan/Workspace/Wellbeing/src/components/layout/Header.tsx": {"path":"/home/azlan/Workspace/Wellbeing/src/components/layout/Header.tsx","statementMap":{"0":{"start":{"line":12,"column":13},"end":{"line":42,"column":null}},"1":{"start":{"line":19,"column":2},"end":{"line":40,"column":null}}},"fnMap":{"0":{"name":"Header2","decl":{"start":{"line":12,"column":36},"end":{"line":12,"column":43}},"loc":{"start":{"line":18,"column":16},"end":{"line":42,"column":1}},"line":18}},"branchMap":{"0":{"loc":{"start":{"line":15,"column":2},"end":{"line":15,"column":null}},"type":"default-arg","locations":[{"start":{"line":15,"column":10},"end":{"line":15,"column":null}}],"line":15},"1":{"loc":{"start":{"line":16,"column":2},"end":{"line":16,"column":null}},"type":"default-arg","locations":[{"start":{"line":16,"column":13},"end":{"line":16,"column":null}}],"line":16},"2":{"loc":{"start":{"line":24,"column":22},"end":{"line":24,"column":null}},"type":"cond-expr","locations":[{"start":{"line":24,"column":36},"end":{"line":24,"column":54}},{"start":{"line":24,"column":54},"end":{"line":24,"column":null}}],"line":24},"3":{"loc":{"start":{"line":31,"column":11},"end":{"line":31,"column":null}},"type":"binary-expr","locations":[{"start":{"line":31,"column":11},"end":{"line":31,"column":23}},{"start":{"line":31,"column":23},"end":{"line":31,"column":null}}],"line":31},"4":{"loc":{"start":{"line":35,"column":7},"end":{"line":38,"column":null}},"type":"binary-expr","locations":[{"start":{"line":35,"column":7},"end":{"line":35,"column":null}},{"start":{"line":36,"column":8},"end":{"line":38,"column":null}}],"line":35}},"s":{"0":0,"1":0},"f":{"0":0},"b":{"0":[0],"1":[0],"2":[0,0],"3":[0,0],"4":[0,0]},"meta":{"lastBranch":5,"lastFunction":1,"lastStatement":2,"seen":{"s:12:13:42:Infinity":0,"f:12:36:12:43":0,"b:15:10:15:Infinity":0,"b:16:13:16:Infinity":1,"s:19:2:40:Infinity":1,"b:24:36:24:54:24:54:24:Infinity":2,"b:31:11:31:23:31:23:31:Infinity":3,"b:35:7:35:Infinity:36:8:38:Infinity":4}}}
,"/home/azlan/Workspace/Wellbeing/src/components/layout/Sidebar.tsx": {"path":"/home/azlan/Workspace/Wellbeing/src/components/layout/Sidebar.tsx","statementMap":{"0":{"start":{"line":20,"column":13},"end":{"line":159,"column":null}},"1":{"start":{"line":21,"column":2},"end":{"line":157,"column":null}},"2":{"start":{"line":44,"column":25},"end":{"line":44,"column":null}},"3":{"start":{"line":63,"column":25},"end":{"line":63,"column":null}},"4":{"start":{"line":82,"column":25},"end":{"line":82,"column":null}},"5":{"start":{"line":101,"column":25},"end":{"line":101,"column":null}},"6":{"start":{"line":120,"column":25},"end":{"line":120,"column":null}}},"fnMap":{"0":{"name":"Sidebar2","decl":{"start":{"line":20,"column":37},"end":{"line":20,"column":45}},"loc":{"start":{"line":20,"column":100},"end":{"line":159,"column":1}},"line":20},"1":{"name":"(anonymous_1)","decl":{"start":{"line":44,"column":19},"end":{"line":44,"column":25}},"loc":{"start":{"line":44,"column":25},"end":{"line":44,"column":null}},"line":44},"2":{"name":"(anonymous_2)","decl":{"start":{"line":63,"column":19},"end":{"line":63,"column":25}},"loc":{"start":{"line":63,"column":25},"end":{"line":63,"column":null}},"line":63},"3":{"name":"(anonymous_3)","decl":{"start":{"line":82,"column":19},"end":{"line":82,"column":25}},"loc":{"start":{"line":82,"column":25},"end":{"line":82,"column":null}},"line":82},"4":{"name":"(anonymous_4)","decl":{"start":{"line":101,"column":19},"end":{"line":101,"column":25}},"loc":{"start":{"line":101,"column":25},"end":{"line":101,"column":null}},"line":101},"5":{"name":"(anonymous_5)","decl":{"start":{"line":120,"column":19},"end":{"line":120,"column":25}},"loc":{"start":{"line":120,"column":25},"end":{"line":120,"column":null}},"line":120}},"branchMap":{"0":{"loc":{"start":{"line":25,"column":8},"end":{"line":25,"column":null}},"type":"binary-expr","locations":[{"start":{"line":25,"column":8},"end":{"line":25,"column":19}},{"start":{"line":25,"column":19},"end":{"line":25,"column":null}}],"line":25},"1":{"loc":{"start":{"line":47,"column":12},"end":{"line":49,"column":null}},"type":"cond-expr","loca
[...]
"start":{"line":342,"column":4},"end":{"line":342,"column":null}},"type":"if","locations":[{"start":{"line":342,"column":4},"end":{"line":342,"column":null}},{"start":{},"end":{}}],"line":342},"14":{"loc":{"start":{"line":361,"column":4},"end":{"line":361,"column":null}},"type":"if","locations":[{"start":{"line":361,"column":4},"end":{"line":361,"column":null}},{"start":{},"end":{}}],"line":361},"15":{"loc":{"start":{"line":380,"column":4},"end":{"line":380,"column":null}},"type":"if","locations":[{"start":{"line":380,"column":4},"end":{"line":380,"column":null}},{"start":{},"end":{}}],"line":380},"16":{"loc":{"start":{"line":399,"column":4},"end":{"line":399,"column":null}},"type":"if","locations":[{"start":{"line":399,"column":4},"end":{"line":399,"column":null}},{"start":{},"end":{}}],"line":399},"17":{"loc":{"start":{"line":419,"column":6},"end":{"line":419,"column":null}},"type":"if","locations":[{"start":{"line":419,"column":6},"end":{"line":419,"column":null}},{"start":{},"end":{}}],"line":419},"18":{"loc":{"start":{"line":433,"column":6},"end":{"line":433,"column":null}},"type":"if","locations":[{"start":{"line":433,"column":6},"end":{"line":433,"column":null}},{"start":{},"end":{}}],"line":433},"19":{"loc":{"start":{"line":444,"column":40},"end":{"line":444,"column":70}},"type":"default-arg","locations":[{"start":{"line":444,"column":60},"end":{"line":444,"column":70}}],"line":444},"20":{"loc":{"start":{"line":466,"column":4},"end":{"line":469,"column":null}},"type":"if","locations":[{"start":{"line":466,"column":4},"end":{"line":469,"column":null}},{"start":{},"end":{}}],"line":466},"21":{"loc":{"start":{"line":497,"column":29},"end":{"line":497,"column":null}},"type":"binary-expr","locations":[{"start":{"line":497,"column":29},"end":{"line":497,"column":46}},{"start":{"line":497,"column":46},"end":{"line":497,"column":null}}],"line":497},"22":{"loc":{"start":{"line":521,"column":46},"end":{"line":521,"column":76}},"type":"default-arg","locations":[{"start":{"line":521,"column":66},"end":{"line":521,"column":76}}],"line":521},"23":{"loc":{"start":{"line":554,"column":11},"end":{"line":554,"column":null}},"type":"binary-expr","locations":[{"start":{"line":554,"column":11},"end":{"line":554,"column":28}},{"start":{"line":554,"column":28},"end":{"line":554,"column":null}}],"line":554}},"s":{"0":1,"1":1,"2":1,"3":1,"4":1,"5":1,"6":1,"7":0,"8":0,"9":0,"10":2,"11":2,"12":1,"13":1,"14":1,"15":1,"16":0,"17":1,"18":1,"19":1,"20":1,"21":1,"22":0,"23":0,"24":2,"25":2,"26":2,"27":2,"28":0,"29":2,"30":2,"31":2,"32":2,"33":1,"34":1,"35":1,"36":1,"37":0,"38":1,"39":1,"40":2,"41":2,"42":1,"43":1,"44":2,"45":2,"46":1,"47":2,"48":2,"49":2,"50":2,"51":1,"52":1,"53":1,"54":1,"55":1,"56":3,"57":3,"58":0,"59":3,"60":3,"61":3,"62":2,"63":1,"64":1,"65":3,"66":3,"67":3,"68":2,"69":2,"70":0,"71":2,"72":2,"73":2,"74":2,"75":0,"76":0,"77":2,"78":2,"79":2,"80":1,"81":1,"82":0,"83":1,"84":1,"85":1,"86":1,"87":0,"88":0,"89":1,"90":1,"91":1,"92":1,"93":1,"94":0,"95":1,"96":1,"97":1,"98":1,"99":0,"100":0,"101":1,"102":1,"103":1,"104":1,"105":1,"106":0,"107":1,"108":1,"109":1,"110":1,"111":0,"112":0,"113":1,"114":1,"115":1,"116":4,"117":4,"118":0,"119":4,"120":4,"121":4,"122":4,"123":0,"124":0,"125":4,"126":4,"127":4,"128":1,"129":1,"130":0,"131":1,"132":1,"133":1,"134":1,"135":0,"136":0,"137":1,"138":1,"139":1,"140":2,"141":2,"142":0,"143":2,"144":2,"145":2,"146":2,"147":0,"148":0,"149":2,"150":2,"151":2,"152":2,"153":2,"154":0,"155":2,"156":2,"157":2,"158":2,"159":0,"160":0,"161":2,"162":2,"163":2,"164":2,"165":2,"166":2,"167":0,"168":2,"169":2,"170":1,"171":1,"172":1,"173":1,"174":1,"175":1,"176":1,"177":0,"178":1,"179":1,"180":1,"181":1,"182":0,"183":0,"184":2,"185":2,"186":1,"187":1,"188":1,"189":1,"190":1,"191":2,"192":1,"193":2,"194":1,"195":1,"196":1,"197":1,"198":1,"199":1,"200":1,"201":0,"202":0,"203":0,"204":0,"205":0,"206":0,"207":0,"208":0,"209":0,"210":0,"211":0,"212":0,"213":0,"214":0,"215":0,"216":0,"217":0,"218":0,"219":0,"220":0,"221":0,"222":0,"223":0,"224":0,"225":0,"226":0,"227":0,"228":0,"229":2,"230":1,"231":0,"232":0,"233":0,"234":1,"235":1},"f":{"0":1,"1":0,"2":0,"3":0,"4":2,"5":2,"6":2,"7":2,"8":1,"9":2,"10":1,"11":1,"12":2,"13":2,"14":1,"15":2,"16":2,"17":1,"18":1,"19":3,"20":3,"21":2,"22":2,"23":1,"24":1,"25":1,"26":1,"27":1,"28":1,"29":4,"30":4,"31":1,"32":1,"33":2,"34":2,"35":2,"36":2,"37":2,"38":1,"39":2,"40":2,"41":1,"42":0,"43":0,"44":0,"45":0,"46":2,"47":1,"48":0,"49":0,"50":1},"b":{"0":[1,1],"1":[2,0],"2":[2,1],"3":[1,1],"4":[2,2],"5":[1,0],"6":[1,1],"7":[2,1],"8":[0,3],"9":[0,2],"10":[0,1],"11":[0,1],"12":[0,1],"13":[0,4],"14":[0,1],"15":[0,2],"16":[0,2],"17":[0,2],"18":[0,1],"19":[2],"20":[1,1],"21":[0,0],"22":[0],"23":[0,0]},"meta":{"lastBranch":24,"lastFunction":51,"lastStatement":236,"seen":{"s:6:24:6:Infinity":0,"s:95:28:110:Infinity":1,"s:112:42:121:Infinity":2,"s:123:44:130:Infinity":3,"s:132:58:139:Infinity":4,"s:141:13:582:Infinity":5,"f:141:44:141:45":0,"s:141:59:582:2":6,"f:164:20:164:21":1,"s:164:32:164:Infinity":7,"f:165:20:165:21":2,"s:165:30:165:Infinity":8,"f:166:21:166:22":3,"s:166:31:166:Infinity":9,"f:167:20:167:32":4,"s:168:18:168:Infinity":10,"b:169:4:189:Infinity:178:11:189:Infinity":0,"s:169:4:189:Infinity":11,"s:171:6:177:Infinity":12,"s:172:8:172:Infinity":13,"s:173:8:173:Infinity":14,"s:174:8:174:Infinity":15,"s:176:8:176:Infinity":16,"s:180:6:188:Infinity":17,"s:181:29:181:Infinity":18,"s:182:8:182:Infinity":19,"s:183:8:183:Infinity":20,"s:184:8:184:Infinity":21,"s:186:8:186:Infinity":22,"s:187:8:187:Infinity":23,"f:191:19:191:31":5,"s:192:18:192:Infinity":24,"b:193:4:199:Infinity:undefined:undefined:undefined:undefined":1,"s:193:4:199:Infinity":25,"s:194:6:198:Infinity":26,"s:195:8:195:Infinity":27,"s:197:8:197:Infinity":28,"s:200:24:200:Infinity":29,"b:200:24:200:73:200:73:200:Infinity":2,"s:201:4:201:Infinity":30,"f:203:18:203:24":6,"s:203:24:212:Infinity":31,"f:203:28:203:29":7,"b:204:4:206:Infinity:undefined:undefined:undefined:undefined":3,"s:204:4:206:Infinity":32,"b:204:8:204:31:204:31:204:56":4,"s:205:6:205:Infinity":33,"b:207:4:210:Infinity:undefined:undefined:undefined:undefined":5,"s:207:4:210:Infinity":34,"b:207:8:207:37:207:37:207:58":6,"s:208:6:208:Infinity":35,"s:209:6:209:Infinity":36,"s:211:4:211:Infinity":37,"f:215:13:215:19":8,"s:216:24:216:Infinity":38,"s:217:4:217:Infinity":39,"f:221:17:221:23":9,"s:222:18:222:Infinity":40,"s:223:4:223:Infinity":41,"b:223:11:223:40:223:40:223:Infinity":7,"f:226:16:226:17":10,"s:226:25:226:Infinity":42,"f:228:23:228:24":11,"s:228:38:228:Infinity":43,"f:230:17:230:23":12,"s:230:23:230:Infinity":44,"f:230:27:230:28":13,"s:230:39:230:85":45,"f:232:24:232:25":14,"s:232:34:232:Infinity":46,"f:234:13:234:25":15,"s:235:4:242:Infinity":47,"s:236:6:236:Infinity":48,"f:236:10:236:11":16,"s:236:22:236:69":49,"s:237:20:237:Infinity":50,"s:238:6:238:Infinity":51,"f:238:10:238:11":17,"s:238:22:238:77":52,"s:240:6:240:Infinity":53,"s:241:6:241:Infinity":54,"f:241:10:241:11":18,"s:241:22:241:91":55,"f:245:18:245:30":19,"s:246:20:246:Infinity":56,"b:247:4:247:Infinity:undefined:undefined:undefined:undefined":8,"s:247:4:247:Infinity":57,"s:247:17:247:Infinity":58,"s:249:10:259:Infinity":59,"f:249:21:249:33":20,"s:250:6:258:Infinity":60,"s:251:27:251:Infinity":61,"s:252:8:252:Infinity":62,"s:254:8:254:Infinity":63,"s:255:8:255:Infinity":64,"s:257:8:257:Infinity":65,"s:260:4:260:Infinity":66,"s:261:4:261:Infinity":67,"f:264:19:264:31":21,"s:265:20:265:Infinity":68,"b:266:4:266:Infinity:undefined:undefined:undefined:undefined":9,"s:266:4:266:Infinity":69,"s:266:17:266:Infinity":70,"s:268:10:278:Infinity":71,"f:268:21:268:33":22,"s:269:6:277:Infinity":72,"s:270:28:270:Infinity":73,"s:271:8:271:Infinity":74,"s:273:8:273:Infinity":75,"s:274:8:274:Infinity":76,"s:276:8:276:Infinity":77,"s:279:4:279:Infinity":78,"s:280:4:280:Infinity":79,"f:283:19:283:31":23,"s:284:20:284:Infinity":80,"b:285:4:285:Infinity:undefined:undefined:undefined:undefined":10,"s:285:4:285:Infinity":81,"s:285:17:285:Infinity":82,"s:287:10:297:Infinity":83,"f:287:21:287:33":24,"s:288:6:296:Infinity":84,"s:289:28:289:Infinity":85,"s:290:8:290:Infinity":86,"s:292:8:292:Infinity":87,"s:293:8:293:Infinity":88,"s:295:8:295:Infinity":89,"s:298:4:298:Infinity":90,"s:299:4:299:Infinity":91,"f:302:25:302:37":25,"s:303:20:303:Infinity":92,"b:304:4:304:Infinity:undefined:undefined:undefined:undefined":11,"s:304:4:304:Infinity":93,"s:304:17:304:Infinity":94,"s:306:10:316:Infinity":95,"f:306:21:306:33":26,"s:307:6:315:Infinity":96,"s:308:34:308:Infinity":97,"s:309:8:309:Infinity":98,"s:311:8:311:Infinity":99,"s:312:8:312:Infinity":100,"s:314:8:314:Infinity":101,"s:317:4:317:Infinity":102,"s:318:4:318:Infinity":103,"f:321:21:321:33":27,"s:322:20:322:Infinity":104,"b:323:4:323:Infinity:undefined:undefined:undefined:undefined":12,"s:323:4:323:Infinity":105,"s:323:17:323:Infinity":106,"s:325:10:335:Infinity":107,"f:325:21:325:33":28,"s:326:6:334:Infinity":108,"s:327:30:327:Infinity":109,"s:328:8:328:Infinity":110,"s:330:8:330:Infinity":111,"s:331:8:331:Infinity":112,"s:333:8:333:Infinity":113,"s:336:4:336:Infinity":114,"s:337:4:337:Infinity":115,"f:340:17:340:29":29,"s:341:20:341:Infinity":116,"b:342:4:342:Infinity:undefined:undefined:undefined:undefined":13,"s:342:4:342:Infinity":117,"s:342:17:342:Infinity":118,"s:344:10:354:Infinity":119,"f:344:21:344:33":30,"s:345:6:353:Infinity":120,"s:346:26:346:Infinity":121,"s:347:8:347:Infinity":122,"s:349:8:349:Infinity":123,"s:350:8:350:Infinity":124,"s:352:8:352:Infinity":125,"s:355:4:355:Infinity":126,"s:356:4:356:Infinity":127,"f:359:19:359:31":31,"s:360:20:360:Infinity":128,"b:361:4:361:Infinity:undefined:undefined:undefined:undefined":14,"s:361:4:361:Infinity":129,"s:361:17:361:Infinity":130,"s:363:10:373:Infinity":131,"f:363:21:363:33":32,"s:364:6:372:Infinity":132,"s:365:28:365:Infinity":133,"s:366:8:366:Infinity":134,"s:368:8:368:Infinity":135,"s:369:8:369:Infinity":136,"s:371:8:371:Infinity":137,"s:374:4:374:Infinity":138,"s:375:4:375:Infinity":139,"f:378:21:378:33":33,"s:379:20:379:Infinity":140,"b:380:4:380:Infinity:undefined:undefined:undefined:undefined":15,"s:380:4:380:Infinity":141,"s:380:17:380:Infinity":142,"s:382:10:392:Infinity":143,"f:382:21:382:33":34,"s:383:6:391:Infinity":144,"s:384:25:384:Infinity":145,"s:385:8:385:Infinity":146,"s:387:8:387:Infinity":147,"s:388:8:388:Infinity":148,"s:390:8:390:Infinity":149,"s:393:4:393:Infinity":150,"s:394:4:394:Infinity":151,"f:397:28:397:40":35,"s:398:20:398:Infinity":152,"b:399:4:399:Infinity:undefined:undefined:undefined:undefined":16,"s:399:4:399:Infinity":153,"s:399:17:399:Infinity":154,"s:401:10:411:Infinity":155,"f:401:21:401:33":36,"s:402:6:410:Infinity":156,"s:403:25:403:Infinity":157,"s:404:8:404:Infinity":158,"s:406:8:406:Infinity":159,"s:407:8:407:Infinity":160,"s:409:8:409:Infinity":161,"s:412:4:412:Infinity":162,"s:413:4:413:Infinity":163,"f:416:23:416:30":37,"s:417:4:427:Infinity":164,"s:418:22:418:Infinity":165,"b:419:6:419:Infinity:undefined:undefined:undefined:undefined":17,"s:419:6:419:Infinity":166,"s:419:20:419:Infinity":167,"s:420:19:420:Infinity":168,"s:421:6:421:Infinity":169,"s:422:6:422:Infinity":170,"s:423:6:423:Infinity":171,"s:425:6:425:Infinity":172,"s:426:6:426:Infinity":173,"f:430:30:430:37":38,"s:431:4:441:Infinity":174,"s:432:22:432:Infinity":175,"b:433:6:433:Infinity:undefined:undefined:undefined:undefined":18,"s:433:6:433:Infinity":176,"s:433:20:433:Infinity":177,"s:434:19:434:Infinity":178,"s:435:6:435:Infinity":179,"s:436:6:436:Infinity":180,"s:437:6:437:Infinity":181,"s:439:6:439:Infinity":182,"s:440:6:440:Infinity":183,"f:444:15:444:22":39,"b:444:60:444:70":19,"s:445:4:457:Infinity":184,"s:446:6:446:Infinity":185,"s:447:6:447:Infinity":186,"s:448:6:450:Infinity":187,"s:452:6:452:Infinity":188,"s:453:6:455:Infinity":189,"s:456:6:456:Infinity":190,"f:460:18:460:25":40,"s:462:18:464:Infinity":191,"f:463:6:463:7":41,"s:463:13:463:Infinity":192,"b:466:4:469:Infinity:undefined:undefined:undefined:undefined":20,"s:466:4:469:Infinity":193,"s:467:6:467:Infinity":194,"s:468:6:468:Infinity":195,"s:471:42:475:Infinity":196,"s:477:4:489:Infinity":197,"s:478:6:478:Infinity":198,"s:479:6:479:Infinity":199,"s:481:6:481:Infinity":200,"s:483:6:483:Infinity":201,"s:484:6:486:Infinity":202,"s:487:6:487:Infinity":203,"s:488:6:488:Infinity":204,"f:492:18:492:25":42,"s:494:16:496:Infinity":205,"f:495:6:495:7":43,"s:495:13:495:Infinity":206,"s:497:29:497:Infinity":207,"b:497:29:497:46:497:46:497:Infinity":21,"s:499:43:502:Infinity":208,"s:504:4:517:Infinity":209,"s:505:6:505:Infinity":210,"s:506:6:506:Infinity":211,"s:507:6:507:Infinity":212,"s:509:6:509:Infinity":213,"s:511:6:511:Infinity":214,"s:512:6:514:Infinity":215,"s:515:6:515:Infinity":216,"s:516:6:516:Infinity":217,"f:521:21:521:28":44,"b:521:66:521:76":22,"s:522:4:528:Infinity":218,"s:523:6:523:Infinity":219,"s:524:6:524:Infinity":220,"s:526:6:526:Infinity":221,"s:527:6:527:Infinity":222,"f:531:24:531:31":45,"s:532:4:539:Infinity":223,"s:533:6:533:Infinity":224,"s:534:6:534:Infinity":225,"s:535:6:535:Infinity":226,"s:537:6:537:Infinity":227,"s:538:6:538:Infinity":228,"f:543:15:543:16":46,"s:544:4:546:Infinity":229,"f:545:6:545:7":47,"s:545:13:545:Infinity":230,"f:550:18:550:19":48,"s:551:16:553:Infinity":231,"f:552:6:552:7":49,"s:552:13:552:Infinity":232,"s:554:4:554:Infinity":233,"b:554:11:554:28:554:28:554:Infinity":23,"f:557:14:557:26":50,"s:568:8:568:Infinity":234,"s:570:4:580:Infinity":235}}}
,"/home/azlan/Workspace/Wellbeing/src/types/index.ts": {"path":"/home/azlan/Workspace/Wellbeing/src/types/index.ts","statementMap":{"0":{"start":{"line":212,"column":30},"end":{"line":222,"column":null}}},"fnMap":{},"branchMap":{},"s":{"0":0},"f":{},"b":{},"meta":{"lastBranch":0,"lastFunction":0,"lastStatement":1,"seen":{"s:212:30:222:Infinity":0}}}
,"/home/azlan/Workspace/Wellbeing/src/utils/formatters.ts": {"path":"/home/azlan/Workspace/Wellbeing/src/utils/formatters.ts","statementMap":{"0":{"start":{"line":1,"column":30},"end":{"line":14,"column":null}},"1":{"start":{"line":2,"column":2},"end":{"line":4,"column":null}},"2":{"start":{"line":3,"column":4},"end":{"line":3,"column":null}},"3":{"start":{"line":6,"column":16},"end":{"line":6,"column":null}},"4":{"start":{"line":7,"column":18},"end":{"line":7,"column":null}},"5":{"start":{"line":9,"column":2},"end":{"line":11,"column":null}},"6":{"start":{"line":10,"column":4},"end":{"line":10,"column":null}},"7":{"start":{"line":13,"column":2},"end":{"line":13,"column":null}},"8":{"start":{"line":16,"column":26},"end":{"line":26,"column":null}},"9":{"start":{"line":17,"column":16},"end":{"line":17,"column":null}},"10":{"start":{"line":18,"column":18},"end":{"line":18,"column":null}},"11":{"start":{"line":19,"column":15},"end":{"line":19,"column":null}},"12":{"start":{"line":21,"column":2},"end":{"line":23,"column":null}},"13":{"start":{"line":22,"column":4},"end":{"line":22,"column":null}},"14":{"start":{"line":25,"column":2},"end":{"line":25,"column":null}},"15":{"start":{"line":28,"column":26},"end":{"line":32,"column":null}},"16":{"start":{"line":29,"column":12},"end":{"line":29,"column":null}},"17":{"start":{"line":30,"column":15},"end":{"line":30,"column":null}},"18":{"start":{"line":31,"column":2},"end":{"line":31,"column":null}},"19":{"start":{"line":34,"column":29},"end":{"line":37,"column":null}},"20":{"start":{"line":35,"column":2},"end":{"line":35,"column":null}},"21":{"start":{"line":35,"column":19},"end":{"line":35,"column":null}},"22":{"start":{"line":36,"column":2},"end":{"line":36,"column":null}},"23":{"start":{"line":39,"column":26},"end":{"line":44,"column":null}},"24":{"start":{"line":41,"column":29},"end":{"line":41,"column":null}},"25":{"start":{"line":42,"column":15},"end":{"line":42,"column":null}},"26":{"start":{"line":43,"column":2},"end":{"line":43,"column":null}},"27":{"start":{"line":46,"column":39},"end":{"line":50,"column":null}},"28":{"start":{"line":48,"column":15},"end":{"line":48,"column":null}},"29":{"start":{"line":49,"column":2},"end":{"line":49,"column":null}}},"fnMap":{"0":{"name":"(anonymous_0)","decl":{"start":{"line":1,"column":30},"end":{"line":1,"column":31}},"loc":{"start":{"line":1,"column":59},"end":{"line":14,"column":null}},"line":1},"1":{"name":"(anonymous_1)","decl":{"start":{"line":16,"column":26},"end":{"line":16,"column":27}},"loc":{"start":{"line":16,"column":55},"end":{"line":26,"column":null}},"line":16},"2":{"name":"(anonymous_2)","decl":{"start":{"line":28,"column":26},"end":{"line":28,"column":27}},"loc":{"start":{"line":28,"column":52},"end":{"line":32,"column":null}},"line":28},"3":{"name":"(anonymous_3)","decl":{"start":{"line":34,"column":29},"end":{"line":34,"column":30}},"loc":{"start":{"line":34,"column":71},"end":{"line":37,"column":null}},"line":34},"4":{"name":"(anonymous_4)","decl":{"start":{"line":39,"column":26},"end":{"line":39,"column":27}},"loc":{"start":{"line":39,"column":55},"end":{"line":44,"column":null}},"line":39},"5":{"name":"(anonymous_5)","decl":{"start":{"line":46,"column":39},"end":{"line":46,"column":40}},"loc":{"start":{"line":46,"column":70},"end":{"line":50,"column":null}},"line":46}},"branchMap":{"0":{"loc":{"start":{"line":2,"column":2},"end":{"line":4,"column":null}},"type":"if","locations":[{"start":{"line":2,"column":2},"end":{"line":4,"column":null}},{"start":{},"end":{}}],"line":2},"1":{"loc":{"start":{"line":9,"column":2},"end":{"line":11,"column":null}},"type":"if","locations":[{"start":{"line":9,"column":2},"end":{"line":11,"column":null}},{"start":{},"end":{}}],"line":9},"2":{"loc":{"start":{"line":21,"column":2},"end":{"line":23,"column":null}},"type":"if","locations":[{"start":{"line":21,"column":2},"end":{"line":23,"column":null}},{"start":{},"end":{}}],"line":21},"3":{"loc":{"start":{"line":29,"column":12},"end":{"line":29,"column":null}},"type":"binary-expr","locations":[{"start":{"line":29,"column":12},"end":{"line":29,"column":25}},{"start":{"line":29,"column":25},"end":{"line":29,"column":null}}],"line":29},"4":{"loc":{"start":{"line":30,"column":15},"end":{"line":30,"column":null}},"type":"cond-expr","locations":[{"start":{"line":30,"column":27},"end":{"line":30,"column":34}},{"start":{"line":30,"column":34},"end":{"line":30,"column":null}}],"line":30},"5":{"loc":{"start":{"line":35,"column":2},"end":{"line":35,"column":null}},"type":"if","locations":[{"start":{"line":35,"column":2},"end":{"line":35,"column":null}},{"start":{},"end":{}}],"line":35}},"s":{"0":1,"1":14,"2":3,"3":11,"4":11,"5":11,"6":7,"7":4,"8":1,"9":14,"10":14,"11":14,"12":14,"13":6,"14":8,"15":1,"16":0,"17":0,"18":0,"19":1,"20":10,"21":2,"22":8,"23":1,"24":3,"25":3,"26":3,"27":1,"28":3,"29":3},"f":{"0":14,"1":14,"2":0,"3":10,"4":3,"5":3},"b":{"0":[3,11],"1":[7,4],"2":[6,8],"3":[0,0],"4":[0,0],"5":[2,8]},"meta":{"lastBranch":6,"lastFunction":6,"lastStatement":30,"seen":{"s:1:30:14:Infinity":0,"f:1:30:1:31":0,"b:2:2:4:Infinity:undefined:undefined:undefined:undefined":0,"s:2:2:4:Infinity":1,"s:3:4:3:Infinity":2,"s:6:16:6:Infinity":3,"s:7:18:7:Infinity":4,"b:9:2:11:Infinity:undefined:undefined:undefined:undefined":1,"s:9:2:11:Infinity":5,"s:10:4:10:Infinity":6,"s:13:2:13:Infinity":7,"s:16:26:26:Infinity":8,"f:16:26:16:27":1,"s:17:16:17:Infinity":9,"s:18:18:18:Infinity":10,"s:19:15:19:Infinity":11,"b:21:2:23:Infinity:undefined:undefined:undefined:undefined":2,"s:21:2:23:Infinity":12,"s:22:4:22:Infinity":13,"s:25:2:25:Infinity":14,"s:28:26:32:Infinity":15,"f:28:26:28:27":2,"s:29:12:29:Infinity":16,"b:29:12:29:25:29:25:29:Infinity":3,"s:30:15:30:Infinity":17,"b:30:27:30:34:30:34:30:Infinity":4,"s:31:2:31:Infinity":18,"s:34:29:37:Infinity":19,"f:34:29:34:30":3,"b:35:2:35:Infinity:undefined:undefined:undefined:undefined":5,"s:35:2:35:Infinity":20,"s:35:19:35:Infinity":21,"s:36:2:36:Infinity":22,"s:39:26:44:Infinity":23,"f:39:26:39:27":4,"s:41:29:41:Infinity":24,"s:42:15:42:Infinity":25,"s:43:2:43:Infinity":26,"s:46:39:50:Infinity":27,"f:46:39:46:40":5,"s:48:15:48:Infinity":28,"s:49:2:49:Infinity":29}}}
}
