TN:
SF:src/App.tsx
FN:8,(anonymous_0)
FN:8,(anonymous_1)
FN:9,(anonymous_2)
FN:9,(anonymous_3)
FN:10,(anonymous_4)
FN:10,(anonymous_5)
FN:11,(anonymous_6)
FN:11,(anonymous_7)
FN:12,(anonymous_8)
FN:12,(anonymous_9)
FN:14,PageLoader
FN:22,App
FN:23,(anonymous_12)
FN:24,(anonymous_13)
FN:25,(anonymous_14)
FN:26,(anonymous_15)
FN:27,(anonymous_16)
FN:28,(anonymous_17)
FN:32,(anonymous_18)
FN:35,(anonymous_19)
FN:39,(anonymous_20)
FN:44,(anonymous_21)
FN:48,(anonymous_22)
FN:94,(anonymous_23)
FNF:24
FNH:0
FNDA:0,(anonymous_0)
FNDA:0,(anonymous_1)
FNDA:0,(anonymous_2)
FNDA:0,(anonymous_3)
FNDA:0,(anonymous_4)
FNDA:0,(anonymous_5)
FNDA:0,(anonymous_6)
FNDA:0,(anonymous_7)
FNDA:0,(anonymous_8)
FNDA:0,(anonymous_9)
FNDA:0,PageLoader
FNDA:0,App
FNDA:0,(anonymous_12)
FNDA:0,(anonymous_13)
FNDA:0,(anonymous_14)
FNDA:0,(anonymous_15)
FNDA:0,(anonymous_16)
FNDA:0,(anonymous_17)
FNDA:0,(anonymous_18)
FNDA:0,(anonymous_19)
FNDA:0,(anonymous_20)
FNDA:0,(anonymous_21)
FNDA:0,(anonymous_22)
FNDA:0,(anonymous_23)
DA:8,0
DA:9,0
DA:10,0
DA:11,0
DA:12,0
DA:15,0
DA:23,0
DA:24,0
DA:25,0
DA:26,0
DA:27,0
DA:28,0
DA:30,0
DA:32,0
DA:34,0
DA:35,0
DA:36,0
DA:39,0
DA:40,0
DA:44,0
DA:45,0
DA:48,0
DA:49,0
DA:51,0
DA:53,0
DA:55,0
DA:57,0
DA:60,0
DA:61,0
DA:66,0
DA:67,0
DA:68,0
DA:70,0
DA:75,0
DA:94,0
LF:35
LH:0
BRDA:34,0,0,0
BRDA:34,0,1,0
BRDA:40,1,0,0
BRDA:40,1,1,0
BRDA:49,2,0,0
BRDA:49,2,1,0
BRDA:49,2,2,0
BRDA:49,2,3,0
BRDA:49,2,4,0
BRDA:49,2,5,0
BRDA:67,3,0,0
BRDA:67,3,1,0
BRDA:67,4,0,0
BRDA:67,4,1,0
BRDA:91,5,0,0
BRDA:91,5,1,0
BRDA:112,6,0,0
BRDA:112,6,1,0
BRDA:113,7,0,0
BRDA:113,7,1,0
BRDA:114,8,0,0
BRDA:114,8,1,0
BRDA:115,9,0,0
BRDA:115,9,1,0
BRDA:116,10,0,0
BRDA:116,10,1,0
BRF:26
BRH:0
end_of_record
TN:
SF:src/components/AppIcon.tsx
FN:23,resolveIcon
FN:33,(anonymous_1)
FN:39,(anonymous_2)
FN:49,resolveFirstAvailable
FN:71,aliasCandidates
FN:76,iconCandidates
FN:88,(anonymous_6)
FN:92,getColorForName
FN:122,AppIcon2
FN:134,(anonymous_9)
FN:139,(anonymous_10)
FN:143,(anonymous_11)
FN:169,(anonymous_12)
FNF:13
FNH:0
FNDA:0,resolveIcon
FNDA:0,(anonymous_1)
FNDA:0,(anonymous_2)
FNDA:0,resolveFirstAvailable
FNDA:0,aliasCandidates
FNDA:0,iconCandidates
FNDA:0,(anonymous_6)
FNDA:0,getColorForName
FNDA:0,AppIcon2
FNDA:0,(anonymous_9)
FNDA:0,(anonymous_10)
FNDA:0,(anonymous_11)
FNDA:0,(anonymous_12)
DA:18,0
DA:21,0
DA:24,0
DA:25,0
DA:27,0
DA:28,0
DA:31,0
DA:34,0
DA:35,0
DA:36,0
DA:37,0
DA:40,0
DA:41,0
DA:42,0
DA:45,0
DA:46,0
DA:50,0
DA:51,0
DA:52,0
DA:53,0
DA:54,0
DA:56,0
DA:59,0
DA:72,0
DA:73,0
DA:77,0
DA:88,0
DA:93,0
DA:94,0
DA:95,0
DA:97,0
DA:122,0
DA:131,0
DA:132,0
DA:134,0
DA:135,0
DA:136,0
DA:138,0
DA:139,0
DA:140,0
DA:143,0
DA:144,0
DA:148,0
DA:149,0
DA:151,0
DA:169,0
LF:46
LH:0
BRDA:24,0,0,0
BRDA:24,0,1,0
BRDA:27,1,0,0
BRDA:27,1,1,0
BRDA:34,2,0,0
BRDA:34,2,1,0
BRDA:52,3,0,0
BRDA:52,3,1,0
BRDA:54,4,0,0
BRDA:54,4,1,0
BRDA:73,5,0,0
BRDA:73,5,1,0
BRDA:78,6,0,0
BRDA:78,6,1,0
BRDA:84,7,0,0
BRDA:84,7,1,0
BRDA:85,8,0,0
BRDA:85,8,1,0
BRDA:125,9,0,0
BRDA:127,10,0,0
BRDA:128,11,0,0
BRDA:140,12,0,0
BRDA:140,12,1,0
BRDA:148,13,0,0
BRDA:148,13,1,0
BRDA:149,14,0,0
BRDA:149,14,1,0
BRDA:157,15,0,0
BRDA:157,15,1,0
BRDA:158,16,0,0
BRDA:158,16,1,0
BRDA:161,17,0,0
BRDA:161,17,1,0
BRDA:164,18,0,0
BRDA:164,18,1,0
BRF:35
BRH:0
end_of_record
TN:
SF:src/components/ErrorBoundary.tsx
FN:14,constructor
FN:19,getDerivedStateFromError
FN:23,componentDidCatch
FN:27,(anonymous_3)
FN:31,render
FNF:5
FNH:0
FNDA:0,constructor
FNDA:0,getDerivedStateFromError
FNDA:0,componentDidCatch
FNDA:0,(anonymous_3)
FNDA:0,render
DA:15,0
DA:16,0
DA:20,0
DA:24,0
DA:27,0
DA:28,0
DA:32,0
DA:33,0
DA:65,0
LF:9
LH:0
BRDA:32,0,0,0
BRDA:32,0,1,0
BRDA:48,1,0,0
BRDA:48,1,1,0
BRF:4
BRH:0
end_of_record
TN:
SF:src/components/LimitReached.tsx
FN:7,LimitReached
FN:11,(anonymous_1)
FN:19,(anonymous_2)
FN:31,(anonymous_3)
FNF:4
FNH:0
FNDA:0,LimitReached
FNDA:0,(anonymous_1)
FNDA:0,(anonymous_2)
FNDA:0,(anonymous_3)
DA:8,0
DA:9,0
DA:11,0
DA:12,0
DA:13,0
DA:14,0
DA:15,0
DA:19,0
DA:20,0
DA:21,0
DA:22,0
DA:23,0
DA:25,0
DA:26,0
DA:28,0
DA:31,0
DA:32,0
DA:33,0
DA:34,0
DA:35,0
DA:37,0
DA:38,0
DA:40,0
DA:43,0
LF:24
LH:0
BRDA:14,0,0,0
BRDA:14,0,1,0
BRDA:20,1,0,0
BRDA:20,1,1,0
BRDA:32,2,0,0
BRDA:32,2,1,0
BRDA:60,3,0,0
BRDA:60,3,1,0
BRF:8
BRH:0
end_of_record
TN:
SF:src/components/dashboard/AIInsights.tsx
FN:5,AIInsights
FN:6,(anonymous_1)
FN:7,(anonymous_2)
FN:9,(anonymous_3)
FN:26,(anonymous_4)
FN:76,(anonymous_5)
FNF:6
FNH:0
FNDA:0,AIInsights
FNDA:0,(anonymous_1)
FNDA:0,(anonymous_2)
FNDA:0,(anonymous_3)
FNDA:0,(anonymous_4)
FNDA:0,(anonymous_5)
DA:6,0
DA:7,0
DA:9,0
DA:10,0
DA:12,0
DA:13,0
DA:25,0
DA:26,0
DA:27,0
DA:28,0
DA:30,0
DA:40,0
DA:41,0
DA:48,0
DA:49,0
DA:58,0
DA:61,0
DA:77,0
LF:18
LH:0
BRDA:12,0,0,0
BRDA:12,0,1,0
BRDA:12,1,0,0
BRDA:12,1,1,0
BRDA:25,2,0,0
BRDA:25,2,1,0
BRDA:25,3,0,0
BRDA:25,3,1,0
BRDA:26,4,0,0
BRDA:26,4,1,0
BRDA:33,5,0,0
BRDA:33,5,1,0
BRDA:40,6,0,0
BRDA:40,6,1,0
BRDA:40,7,0,0
BRDA:40,7,1,0
BRDA:48,8,0,0
BRDA:48,8,1,0
BRF:18
BRH:0
end_of_record
TN:
SF:src/components/dashboard/ActivityRing.tsx
FN:8,ActivityRing
FN:10,(anonymous_1)
FN:11,(anonymous_2)
FN:12,(anonymous_3)
FN:17,(anonymous_4)
FN:22,(anonymous_5)
FN:24,(anonymous_6)
FN:28,(anonymous_7)
FN:29,(anonymous_8)
FN:69,(anonymous_9)
FN:110,(anonymous_10)
FNF:11
FNH:0
FNDA:0,ActivityRing
FNDA:0,(anonymous_1)
FNDA:0,(anonymous_2)
FNDA:0,(anonymous_3)
FNDA:0,(anonymous_4)
FNDA:0,(anonymous_5)
FNDA:0,(anonymous_6)
FNDA:0,(anonymous_7)
FNDA:0,(anonymous_8)
FNDA:0,(anonymous_9)
FNDA:0,(anonymous_10)
DA:5,0
DA:6,0
DA:9,0
DA:10,0
DA:11,0
DA:12,0
DA:14,0
DA:15,0
DA:17,0
DA:18,0
DA:19,0
DA:22,0
DA:23,0
DA:24,0
DA:28,0
DA:29,0
DA:30,0
DA:31,0
DA:32,0
DA:36,0
DA:49,0
DA:50,0
DA:51,0
DA:53,0
DA:54,0
DA:61,0
DA:70,0
DA:71,0
DA:72,0
DA:73,0
DA:74,0
DA:76,0
DA:111,0
LF:33
LH:0
BRDA:23,0,0,0
BRDA:23,0,1,0
BRDA:29,1,0,0
BRDA:29,1,1,0
BRDA:32,2,0,0
BRDA:32,2,1,0
BRDA:49,3,0,0
BRDA:49,3,1,0
BRDA:53,4,0,0
BRDA:53,4,1,0
BRDA:53,5,0,0
BRDA:53,5,1,0
BRDA:71,6,0,0
BRDA:71,6,1,0
BRDA:87,7,0,0
BRDA:87,7,1,0
BRF:16
BRH:0
end_of_record
TN:
SF:src/components/dashboard/DailyProgress.tsx
FN:6,DailyProgress
FN:11,(anonymous_1)
FN:12,(anonymous_2)
FN:15,(anonymous_3)
FN:19,(anonymous_4)
FN:31,(anonymous_5)
FN:54,(anonymous_6)
FN:71,(anonymous_7)
FN:72,(anonymous_8)
FNF:9
FNH:0
FNDA:0,DailyProgress
FNDA:0,(anonymous_1)
FNDA:0,(anonymous_2)
FNDA:0,(anonymous_3)
FNDA:0,(anonymous_4)
FNDA:0,(anonymous_5)
FNDA:0,(anonymous_6)
FNDA:0,(anonymous_7)
FNDA:0,(anonymous_8)
DA:7,0
DA:8,0
DA:9,0
DA:11,0
DA:12,0
DA:15,0
DA:16,0
DA:19,0
DA:20,0
DA:21,0
DA:22,0
DA:23,0
DA:25,0
DA:27,0
DA:31,0
DA:32,0
DA:33,0
DA:34,0
DA:35,0
DA:36,0
DA:37,0
DA:41,0
DA:55,0
DA:72,0
DA:73,0
DA:74,0
DA:75,0
DA:78,0
DA:82,0
LF:29
LH:0
BRDA:23,0,0,0
BRDA:23,0,1,0
BRDA:27,1,0,0
BRDA:27,1,1,0
BRDA:32,2,0,0
BRDA:32,2,1,0
BRDA:33,3,0,0
BRDA:33,3,1,0
BRDA:33,3,2,0
BRDA:33,3,3,0
BRDA:52,4,0,0
BRDA:52,4,1,0
BRDA:64,5,0,0
BRDA:64,5,1,0
BRDA:75,6,0,0
BRDA:75,6,1,0
BRDA:78,7,0,0
BRDA:78,7,1,0
BRF:18
BRH:0
end_of_record
TN:
SF:src/components/dashboard/RecentEntries.tsx
FN:17,RecentEntries
FN:18,(anonymous_1)
FN:19,(anonymous_2)
FN:24,(anonymous_3)
FN:30,(anonymous_4)
FN:69,(anonymous_5)
FNF:6
FNH:0
FNDA:0,RecentEntries
FNDA:0,(anonymous_1)
FNDA:0,(anonymous_2)
FNDA:0,(anonymous_3)
FNDA:0,(anonymous_4)
FNDA:0,(anonymous_5)
DA:7,0
DA:18,0
DA:19,0
DA:21,0
DA:22,0
DA:24,0
DA:25,0
DA:28,0
DA:30,0
DA:32,0
DA:36,0
DA:70,0
DA:71,0
DA:72,0
DA:73,0
DA:75,0
LF:16
LH:0
BRDA:28,0,0,0
BRDA:28,0,1,0
BRDA:28,1,0,0
BRDA:28,1,1,0
BRDA:30,2,0,0
BRDA:30,2,1,0
BRDA:32,3,0,0
BRDA:32,3,1,0
BRDA:41,4,0,0
BRDA:41,4,1,0
BRDA:58,5,0,0
BRDA:58,5,1,0
BRDA:64,6,0,0
BRDA:64,6,1,0
BRDA:66,7,0,0
BRDA:66,7,1,0
BRDA:73,8,0,0
BRDA:73,8,1,0
BRDA:84,9,0,0
BRDA:84,9,1,0
BRDA:91,10,0,0
BRDA:91,10,1,0
BRF:22
BRH:0
end_of_record
TN:
SF:src/components/dashboard/WeeklyActivity.tsx
FN:6,WeeklyActivity
FN:7,(anonymous_1)
FN:8,(anonymous_2)
FN:13,(anonymous_3)
FN:17,(anonymous_4)
FN:30,(anonymous_5)
FN:42,(anonymous_6)
FN:56,(anonymous_7)
FN:66,(anonymous_8)
FN:98,(anonymous_9)
FN:103,(anonymous_10)
FN:117,(anonymous_11)
FN:118,(anonymous_12)
FNF:13
FNH:0
FNDA:0,WeeklyActivity
FNDA:0,(anonymous_1)
FNDA:0,(anonymous_2)
FNDA:0,(anonymous_3)
FNDA:0,(anonymous_4)
FNDA:0,(anonymous_5)
FNDA:0,(anonymous_6)
FNDA:0,(anonymous_7)
FNDA:0,(anonymous_8)
FNDA:0,(anonymous_9)
FNDA:0,(anonymous_10)
FNDA:0,(anonymous_11)
FNDA:0,(anonymous_12)
DA:7,0
DA:8,0
DA:10,0
DA:11,0
DA:13,0
DA:14,0
DA:17,0
DA:18,0
DA:20,0
DA:21,0
DA:22,0
DA:23,0
DA:24,0
DA:25,0
DA:26,0
DA:27,0
DA:28,0
DA:30,0
DA:31,0
DA:33,0
DA:41,0
DA:42,0
DA:43,0
DA:44,0
DA:53,0
DA:56,0
DA:58,0
DA:59,0
DA:67,0
DA:75,0
DA:98,0
DA:104,0
DA:105,0
DA:114,0
DA:117,0
DA:119,0
LF:36
LH:0
BRDA:18,0,0,0
BRDA:18,0,1,0
BRDA:18,1,0,0
BRDA:18,1,1,0
BRDA:31,2,0,0
BRDA:31,2,1,0
BRDA:36,3,0,0
BRDA:36,3,1,0
BRDA:37,4,0,0
BRDA:37,4,1,0
BRDA:41,5,0,0
BRDA:41,5,1,0
BRDA:41,6,0,0
BRDA:41,6,1,0
BRDA:45,7,0,0
BRDA:45,7,1,0
BRDA:58,8,0,0
BRDA:58,8,1,0
BRDA:104,9,0,0
BRDA:104,9,1,0
BRDA:104,10,0,0
BRDA:104,10,1,0
BRDA:104,10,2,0
BRDA:123,11,0,0
BRDA:123,11,1,0
BRF:25
BRH:0
end_of_record
TN:
SF:src/components/dashboard/constants.ts
FNF:0
FNH:0
DA:2,0
DA:13,0
DA:27,0
LF:3
LH:0
BRF:0
BRH:0
end_of_record
TN:
SF:src/components/layout/Header.tsx
FN:12,Header2
FNF:1
FNH:0
FNDA:0,Header2
DA:12,0
DA:19,0
LF:2
LH:0
BRDA:15,0,0,0
BRDA:16,1,0,0
BRDA:24,2,0,0
BRDA:24,2,1,0
BRDA:31,3,0,0
BRDA:31,3,1,0
BRDA:35,4,0,0
BRDA:35,4,1,0
BRF:8
BRH:0
end_of_record
TN:
SF:src/components/layout/Sidebar.tsx
FN:20,Sidebar2
FN:44,(anonymous_1)
FN:63,(anonymous_2)
FN:82,(anonymous_3)
FN:101,(anonymous_4)
FN:120,(anonymous_5)
FNF:6
FNH:0
FNDA:0,Sidebar2
FNDA:0,(anonymous_1)
FNDA:0,(anonymous_2)
FNDA:0,(anonymous_3)
FNDA:0,(anonymous_4)
FNDA:0,(anonymous_5)
DA:20,0
DA:21,0
DA:44,0
DA:63,0
DA:82,0
DA:101,0
DA:120,0
LF:7
LH:0
BRDA:25,0,0,0
BRDA:25,0,1,0
BRDA:47,1,0,0
BRDA:47,1,1,0
BRDA:55,2,0,0
BRDA:55,2,1,0
BRDA:66,3,0,0
BRDA:66,3,1,0
BRDA:74,4,0,0
BRDA:74,4,1,0
BRDA:85,5,0,0
BRDA:85,5,1,0
BRDA:93,6,0,0
BRDA:93,6,1,0
BRDA:104,7,0,0
BRDA:104,7,1,0
BRDA:112,8,0,0
BRDA:112,8,1,0
BRDA:123,9,0,0
BRDA:123,9,1,0
BRDA:131,10,0,0
BRDA:131,10,1,0
BRF:22
BRH:0
end_of_record
TN:
SF:src/components/ui/button.tsx
FN:47,(anonymous_0)
FNF:1
FNH:1
FNDA:7,(anonymous_0)
DA:7,1
DA:47,1
DA:48,7
DA:49,7
DA:57,1
LF:5
LH:5
BRDA:47,0,0,7
BRDA:48,1,0,1
BRDA:48,1,1,6
BRF:3
BRH:3
end_of_record
TN:
SF:src/components/ui/card.tsx
FN:5,(anonymous_0)
FN:24,(anonymous_1)
FN:39,(anonymous_2)
FN:57,(anonymous_3)
FN:72,(anonymous_4)
FN:81,(anonymous_5)
FNF:6
FNH:0
FNDA:0,(anonymous_0)
FNDA:0,(anonymous_1)
FNDA:0,(anonymous_2)
FNDA:0,(anonymous_3)
FNDA:0,(anonymous_4)
FNDA:0,(anonymous_5)
DA:5,0
DA:12,0
DA:22,0
DA:24,0
DA:31,0
DA:37,0
DA:39,0
DA:46,0
DA:55,0
DA:57,0
DA:64,0
DA:70,0
DA:72,0
DA:78,0
DA:79,0
DA:81,0
DA:88,0
DA:94,0
LF:18
LH:0
BRF:0
BRH:0
end_of_record
TN:
SF:src/components/ui/dialog.tsx
FN:15,(anonymous_0)
FN:29,(anonymous_1)
FN:57,(anonymous_2)
FN:71,(anonymous_3)
FN:85,(anonymous_4)
FN:97,(anonymous_5)
FNF:6
FNH:0
FNDA:0,(anonymous_0)
FNDA:0,(anonymous_1)
FNDA:0,(anonymous_2)
FNDA:0,(anonymous_3)
FNDA:0,(anonymous_4)
FNDA:0,(anonymous_5)
DA:7,0
DA:9,0
DA:11,0
DA:13,0
DA:15,0
DA:16,0
DA:27,0
DA:29,0
DA:30,0
DA:55,0
DA:57,0
DA:61,0
DA:69,0
DA:71,0
DA:75,0
DA:83,0
DA:85,0
DA:86,0
DA:95,0
DA:97,0
DA:98,0
DA:104,0
LF:22
LH:0
BRF:0
BRH:0
end_of_record
TN:
SF:src/components/ui/select.tsx
FN:13,(anonymous_0)
FN:35,(anonymous_1)
FN:49,(anonymous_2)
FN:64,(anonymous_3)
FN:98,(anonymous_4)
FN:107,(anonymous_5)
FN:129,(anonymous_6)
FNF:7
FNH:0
FNDA:0,(anonymous_0)
FNDA:0,(anonymous_1)
FNDA:0,(anonymous_2)
FNDA:0,(anonymous_3)
FNDA:0,(anonymous_4)
FNDA:0,(anonymous_5)
FNDA:0,(anonymous_6)
DA:7,0
DA:9,0
DA:11,0
DA:13,0
DA:14,0
DA:33,0
DA:35,0
DA:36,0
DA:47,0
DA:49,0
DA:50,0
DA:61,0
DA:64,0
DA:65,0
DA:96,0
DA:98,0
DA:99,0
DA:105,0
DA:107,0
DA:108,0
DA:127,0
DA:129,0
DA:130,0
DA:136,0
LF:24
LH:0
BRDA:64,0,0,0
BRDA:75,1,0,0
BRDA:75,1,1,0
BRDA:86,2,0,0
BRDA:86,2,1,0
BRF:5
BRH:0
end_of_record
TN:
SF:src/components/ui/switch.tsx
FN:6,(anonymous_0)
FNF:1
FNH:0
FNDA:0,(anonymous_0)
DA:6,0
DA:7,0
DA:29,0
LF:3
LH:0
BRF:0
BRH:0
end_of_record
TN:
SF:src/hooks/useDarkMode.ts
FN:7,getSystemTheme
FN:14,getStoredTheme
FN:23,useDarkMode
FN:30,(anonymous_3)
FN:40,(anonymous_4)
FN:44,(anonymous_5)
FN:53,(anonymous_6)
FN:56,(anonymous_7)
FNF:8
FNH:7
FNDA:21,getSystemTheme
FNDA:35,getStoredTheme
FNDA:20,useDarkMode
FNDA:15,(anonymous_3)
FNDA:15,(anonymous_4)
FNDA:0,(anonymous_5)
FNDA:6,(anonymous_6)
FNDA:5,(anonymous_7)
DA:5,1
DA:8,21
DA:9,21
DA:15,35
DA:16,35
DA:17,35
DA:18,15
DA:20,20
DA:24,20
DA:25,20
DA:30,20
DA:31,15
DA:32,15
DA:34,15
DA:35,15
DA:36,15
DA:40,20
DA:41,15
DA:43,6
DA:44,6
DA:45,0
DA:46,0
DA:47,0
DA:48,0
DA:49,0
DA:52,6
DA:53,6
DA:56,20
DA:57,5
DA:58,5
DA:61,20
LF:31
LH:26
BRDA:8,0,0,0
BRDA:8,0,1,21
BRDA:9,1,0,0
BRDA:9,1,1,21
BRDA:15,2,0,0
BRDA:15,2,1,35
BRDA:17,3,0,15
BRDA:17,3,1,20
BRDA:17,4,0,35
BRDA:17,4,1,29
BRDA:17,4,2,20
BRDA:26,5,0,15
BRDA:26,5,1,5
BRDA:32,6,0,6
BRDA:32,6,1,9
BRDA:41,7,0,9
BRDA:41,7,1,6
BRF:17
BRH:14
end_of_record
TN:
SF:src/hooks/useUpdater.ts
FN:29,mapUpdateError
FN:49,useUpdater
FN:59,(anonymous_2)
FN:84,(anonymous_3)
FN:92,(anonymous_4)
FN:103,(anonymous_5)
FN:114,(anonymous_6)
FN:118,(anonymous_7)
FNF:8
FNH:5
FNDA:3,mapUpdateError
FNDA:13,useUpdater
FNDA:5,(anonymous_2)
FNDA:1,(anonymous_3)
FNDA:0,(anonymous_4)
FNDA:0,(anonymous_5)
FNDA:2,(anonymous_6)
FNDA:0,(anonymous_7)
DA:32,3
DA:33,3
DA:35,3
DA:39,2
DA:46,1
DA:50,13
DA:58,13
DA:60,5
DA:61,5
DA:62,5
DA:63,2
DA:64,1
DA:65,1
DA:67,1
DA:68,1
DA:71,3
DA:73,1
DA:75,2
DA:76,2
DA:78,3
DA:84,13
DA:85,1
DA:86,1
DA:88,1
DA:90,1
DA:93,0
DA:94,0
DA:95,0
DA:97,0
DA:98,0
DA:101,1
DA:103,1
DA:104,0
DA:106,1
DA:108,1
DA:109,1
DA:111,1
DA:112,1
DA:114,2
DA:118,13
DA:119,0
DA:122,13
LF:42
LH:35
BRDA:32,0,0,3
BRDA:32,0,1,0
BRDA:35,1,0,2
BRDA:35,1,1,1
BRDA:36,2,0,3
BRDA:36,2,1,2
BRDA:59,3,0,5
BRDA:63,4,0,1
BRDA:63,4,1,1
BRDA:71,5,0,1
BRDA:71,5,1,2
BRDA:94,6,0,0
BRDA:94,6,1,0
BRDA:97,7,0,0
BRDA:97,7,1,0
BRF:15
BRH:10
end_of_record
TN:
SF:src/lib/appIconLookup.ts
FN:5,normalize
FN:14,compact
FN:18,basename
FN:25,extractExecBinary
FN:35,createAppIconResolver
FN:68,(anonymous_5)
FNF:6
FNH:0
FNDA:0,normalize
FNDA:0,compact
FNDA:0,basename
FNDA:0,extractExecBinary
FNDA:0,createAppIconResolver
FNDA:0,(anonymous_5)
DA:6,0
DA:15,0
DA:19,0
DA:20,0
DA:21,0
DA:22,0
DA:26,0
DA:27,0
DA:29,0
DA:32,0
DA:36,0
DA:37,0
DA:39,0
DA:40,0
DA:42,0
DA:43,0
DA:44,0
DA:45,0
DA:46,0
DA:47,0
DA:49,0
DA:50,0
DA:51,0
DA:52,0
DA:53,0
DA:54,0
DA:55,0
DA:57,0
DA:58,0
DA:61,0
DA:62,0
DA:63,0
DA:64,0
DA:65,0
DA:68,0
DA:69,0
DA:70,0
DA:71,0
DA:74,0
DA:79,0
DA:81,0
DA:82,0
DA:83,0
DA:84,0
DA:88,0
LF:45
LH:0
BRDA:20,0,0,0
BRDA:20,0,1,0
BRDA:22,1,0,0
BRDA:22,1,1,0
BRDA:26,2,0,0
BRDA:26,2,1,0
BRDA:27,3,0,0
BRDA:27,3,1,0
BRDA:29,4,0,0
BRDA:29,4,1,0
BRDA:29,4,2,0
BRDA:40,5,0,0
BRDA:40,5,1,0
BRDA:45,6,0,0
BRDA:45,6,1,0
BRDA:49,7,0,0
BRDA:49,7,1,0
BRDA:50,8,0,0
BRDA:50,8,1,0
BRDA:51,9,0,0
BRDA:51,9,1,0
BRDA:52,10,0,0
BRDA:52,10,1,0
BRDA:53,11,0,0
BRDA:53,11,1,0
BRDA:54,12,0,0
BRDA:54,12,1,0
BRDA:55,13,0,0
BRDA:55,13,1,0
BRDA:58,14,0,0
BRDA:58,14,1,0
BRDA:61,15,0,0
BRDA:61,15,1,0
BRDA:63,16,0,0
BRDA:63,16,1,0
BRDA:65,17,0,0
BRDA:65,17,1,0
BRDA:71,18,0,0
BRDA:71,18,1,0
BRDA:74,19,0,0
BRDA:74,19,1,0
BRDA:74,19,2,0
BRDA:74,19,3,0
BRDA:79,20,0,0
BRDA:79,20,1,0
BRDA:82,21,0,0
BRDA:82,21,1,0
BRDA:83,22,0,0
BRDA:83,22,1,0
BRDA:83,23,0,0
BRDA:83,23,1,0
BRDA:83,23,2,0
BRF:52
BRH:0
end_of_record
TN:
SF:src/lib/utils.ts
FN:4,cn
FN:8,formatTime
FNF:2
FNH:1
FNDA:24,cn
FNDA:0,formatTime
DA:5,24
DA:9,0
DA:10,0
DA:11,0
DA:13,0
DA:14,0
DA:16,0
LF:7
LH:1
BRDA:9,0,0,0
BRDA:9,0,1,0
BRDA:13,1,0,0
BRDA:13,1,1,0
BRF:4
BRH:0
end_of_record
TN:
SF:src/pages/Analytics.tsx
FN:9,Analytics
FN:10,(anonymous_1)
FN:11,(anonymous_2)
FN:12,(anonymous_3)
FN:13,(anonymous_4)
FN:14,(anonymous_5)
FN:15,(anonymous_6)
FN:26,(anonymous_7)
FN:27,(anonymous_8)
FN:35,(anonymous_9)
FN:39,(anonymous_10)
FN:43,(anonymous_11)
FN:48,(anonymous_12)
FN:50,(anonymous_13)
FN:53,(anonymous_14)
FN:66,(anonymous_15)
FN:74,(anonymous_16)
FN:77,(anonymous_17)
FN:81,(anonymous_18)
FN:85,(anonymous_19)
FN:87,(anonymous_20)
FN:90,(anonymous_21)
FN:205,(anonymous_22)
FN:225,(anonymous_23)
FN:270,(anonymous_24)
FN:334,(anonymous_25)
FNF:26
FNH:0
FNDA:0,Analytics
FNDA:0,(anonymous_1)
FNDA:0,(anonymous_2)
FNDA:0,(anonymous_3)
FNDA:0,(anonymous_4)
FNDA:0,(anonymous_5)
FNDA:0,(anonymous_6)
FNDA:0,(anonymous_7)
FNDA:0,(anonymous_8)
FNDA:0,(anonymous_9)
FNDA:0,(anonymous_10)
FNDA:0,(anonymous_11)
FNDA:0,(anonymous_12)
FNDA:0,(anonymous_13)
FNDA:0,(anonymous_14)
FNDA:0,(anonymous_15)
FNDA:0,(anonymous_16)
FNDA:0,(anonymous_17)
FNDA:0,(anonymous_18)
FNDA:0,(anonymous_19)
FNDA:0,(anonymous_20)
FNDA:0,(anonymous_21)
FNDA:0,(anonymous_22)
FNDA:0,(anonymous_23)
FNDA:0,(anonymous_24)
FNDA:0,(anonymous_25)
DA:10,0
DA:11,0
DA:12,0
DA:13,0
DA:14,0
DA:15,0
DA:16,0
DA:17,0
DA:19,0
DA:20,0
DA:21,0
DA:22,0
DA:23,0
DA:24,0
DA:26,0
DA:27,0
DA:28,0
DA:31,0
DA:35,0
DA:38,0
DA:39,0
DA:43,0
DA:44,0
DA:45,0
DA:48,0
DA:49,0
DA:50,0
DA:53,0
DA:54,0
DA:55,0
DA:56,0
DA:57,0
DA:58,0
DA:59,0
DA:60,0
DA:61,0
DA:63,0
DA:66,0
DA:67,0
DA:68,0
DA:69,0
DA:71,0
DA:74,0
DA:75,0
DA:76,0
DA:77,0
DA:81,0
DA:82,0
DA:85,0
DA:86,0
DA:87,0
DA:90,0
DA:98,0
DA:99,0
DA:106,0
DA:206,0
DA:207,0
DA:208,0
DA:214,0
DA:226,0
DA:228,0
DA:229,0
DA:231,0
DA:232,0
DA:233,0
DA:234,0
DA:237,0
DA:238,0
DA:239,0
DA:241,0
DA:271,0
DA:272,0
DA:276,0
DA:335,0
DA:341,0
LF:75
LH:0
BRDA:44,0,0,0
BRDA:44,0,1,0
BRDA:44,1,0,0
BRDA:44,1,1,0
BRDA:49,2,0,0
BRDA:49,2,1,0
BRDA:49,3,0,0
BRDA:49,3,1,0
BRDA:75,4,0,0
BRDA:75,4,1,0
BRDA:86,5,0,0
BRDA:86,5,1,0
BRDA:98,6,0,0
BRDA:98,6,1,0
BRDA:138,7,0,0
BRDA:138,7,1,0
BRDA:208,8,0,0
BRDA:208,8,1,0
BRDA:226,9,0,0
BRDA:226,9,1,0
BRDA:229,10,0,0
BRDA:229,10,1,0
BRDA:231,11,0,0
BRDA:231,11,1,0
BRDA:232,12,0,0
BRDA:232,12,1,0
BRDA:232,13,0,0
BRDA:232,13,1,0
BRDA:238,14,0,0
BRDA:238,14,1,0
BRDA:265,15,0,0
BRDA:265,15,1,0
BRDA:272,16,0,0
BRDA:272,16,1,0
BRDA:284,17,0,0
BRDA:284,17,1,0
BRDA:324,18,0,0
BRDA:324,18,1,0
BRDA:335,19,0,0
BRDA:335,19,1,0
BRDA:363,20,0,0
BRDA:363,20,1,0
BRDA:382,21,0,0
BRDA:382,21,1,0
BRF:44
BRH:0
end_of_record
TN:
SF:src/pages/Dashboard.tsx
FN:10,Dashboard
FN:15,(anonymous_1)
FN:26,(anonymous_2)
FN:30,(anonymous_3)
FN:35,(anonymous_4)
FN:39,(anonymous_5)
FN:43,(anonymous_6)
FN:52,(anonymous_7)
FN:67,(anonymous_8)
FNF:9
FNH:0
FNDA:0,Dashboard
FNDA:0,(anonymous_1)
FNDA:0,(anonymous_2)
FNDA:0,(anonymous_3)
FNDA:0,(anonymous_4)
FNDA:0,(anonymous_5)
FNDA:0,(anonymous_6)
FNDA:0,(anonymous_7)
FNDA:0,(anonymous_8)
DA:11,0
DA:12,0
DA:13,0
DA:15,0
DA:16,0
DA:17,0
DA:18,0
DA:19,0
DA:22,0
DA:23,0
DA:25,0
DA:27,0
DA:28,0
DA:30,0
DA:36,0
DA:37,0
DA:40,0
DA:43,0
DA:46,0
DA:52,0
DA:67,0
LF:21
LH:0
BRDA:16,0,0,0
BRDA:16,0,1,0
BRDA:27,1,0,0
BRDA:27,1,1,0
BRDA:37,2,0,0
BRDA:37,2,1,0
BRDA:40,3,0,0
BRDA:40,3,1,0
BRF:8
BRH:0
end_of_record
TN:
SF:src/pages/FocusMode.tsx
FN:11,FocusMode
FN:12,(anonymous_1)
FN:13,(anonymous_2)
FN:14,(anonymous_3)
FN:15,(anonymous_4)
FN:16,(anonymous_5)
FN:17,(anonymous_6)
FN:34,(anonymous_7)
FN:41,(anonymous_8)
FN:45,(anonymous_9)
FN:69,(anonymous_10)
FN:80,(anonymous_11)
FN:91,(anonymous_12)
FN:117,(anonymous_13)
FN:205,(anonymous_14)
FN:228,(anonymous_15)
FN:243,(anonymous_16)
FN:258,(anonymous_17)
FN:317,(anonymous_18)
FN:320,(anonymous_19)
FN:343,(anonymous_20)
FN:354,(anonymous_21)
FN:419,(anonymous_22)
FN:420,(anonymous_23)
FN:433,(anonymous_24)
FN:459,(anonymous_25)
FN:462,(anonymous_26)
FNF:27
FNH:0
FNDA:0,FocusMode
FNDA:0,(anonymous_1)
FNDA:0,(anonymous_2)
FNDA:0,(anonymous_3)
FNDA:0,(anonymous_4)
FNDA:0,(anonymous_5)
FNDA:0,(anonymous_6)
FNDA:0,(anonymous_7)
FNDA:0,(anonymous_8)
FNDA:0,(anonymous_9)
FNDA:0,(anonymous_10)
FNDA:0,(anonymous_11)
FNDA:0,(anonymous_12)
FNDA:0,(anonymous_13)
FNDA:0,(anonymous_14)
FNDA:0,(anonymous_15)
FNDA:0,(anonymous_16)
FNDA:0,(anonymous_17)
FNDA:0,(anonymous_18)
FNDA:0,(anonymous_19)
FNDA:0,(anonymous_20)
FNDA:0,(anonymous_21)
FNDA:0,(anonymous_22)
FNDA:0,(anonymous_23)
FNDA:0,(anonymous_24)
FNDA:0,(anonymous_25)
FNDA:0,(anonymous_26)
DA:12,0
DA:13,0
DA:14,0
DA:15,0
DA:16,0
DA:17,0
DA:19,0
DA:20,0
DA:21,0
DA:22,0
DA:23,0
DA:26,0
DA:27,0
DA:28,0
DA:29,0
DA:30,0
DA:31,0
DA:32,0
DA:34,0
DA:35,0
DA:36,0
DA:41,0
DA:42,0
DA:45,0
DA:46,0
DA:47,0
DA:48,0
DA:52,0
DA:53,0
DA:55,0
DA:56,0
DA:57,0
DA:58,0
DA:62,0
DA:63,0
DA:65,0
DA:69,0
DA:70,0
DA:71,0
DA:72,0
DA:73,0
DA:75,0
DA:76,0
DA:80,0
DA:81,0
DA:82,0
DA:83,0
DA:84,0
DA:86,0
DA:87,0
DA:91,0
DA:92,0
DA:93,0
DA:94,0
DA:95,0
DA:96,0
DA:97,0
DA:99,0
DA:100,0
DA:102,0
DA:103,0
DA:105,0
DA:106,0
DA:110,0
DA:111,0
DA:114,0
DA:117,0
DA:119,0
DA:120,0
DA:127,0
DA:205,0
DA:229,0
DA:230,0
DA:244,0
DA:245,0
DA:259,0
DA:260,0
DA:318,0
DA:320,0
DA:343,0
DA:354,0
DA:420,0
DA:421,0
DA:433,0
DA:460,0
DA:463,0
DA:464,0
LF:87
LH:0
BRDA:35,0,0,0
BRDA:35,0,1,0
BRDA:35,1,0,0
BRDA:35,1,1,0
BRDA:55,2,0,0
BRDA:55,2,1,0
BRDA:57,3,0,0
BRDA:57,3,1,0
BRDA:57,4,0,0
BRDA:57,4,1,0
BRDA:92,5,0,0
BRDA:92,5,1,0
BRDA:99,6,0,0
BRDA:99,6,1,0
BRDA:114,7,0,0
BRDA:114,7,1,0
BRDA:119,8,0,0
BRDA:119,8,1,0
BRDA:173,9,0,0
BRDA:173,9,1,0
BRDA:174,10,0,0
BRDA:174,10,1,0
BRDA:230,11,0,0
BRDA:230,11,1,0
BRDA:245,12,0,0
BRDA:245,12,1,0
BRDA:260,13,0,0
BRDA:260,13,1,0
BRDA:322,14,0,0
BRDA:322,14,1,0
BRDA:411,15,0,0
BRDA:411,15,1,0
BRDA:414,16,0,0
BRDA:414,16,1,0
BRDA:425,17,0,0
BRDA:425,17,1,0
BRDA:429,18,0,0
BRDA:429,18,1,0
BRDA:470,19,0,0
BRDA:470,19,1,0
BRDA:474,20,0,0
BRDA:474,20,1,0
BRF:42
BRH:0
end_of_record
TN:
SF:src/pages/Limits.tsx
FN:10,Limits
FN:11,(anonymous_1)
FN:12,(anonymous_2)
FN:13,(anonymous_3)
FN:23,(anonymous_4)
FN:31,(anonymous_5)
FN:33,(anonymous_6)
FN:42,(anonymous_7)
FN:49,(anonymous_8)
FN:55,(anonymous_9)
FN:58,(anonymous_10)
FN:60,(anonymous_11)
FN:98,(anonymous_12)
FN:112,(anonymous_13)
FN:121,(anonymous_14)
FN:121,(anonymous_15)
FN:124,(anonymous_16)
FN:138,(anonymous_17)
FN:139,(anonymous_18)
FN:144,(anonymous_19)
FN:145,(anonymous_20)
FN:146,(anonymous_21)
FN:178,(anonymous_22)
FN:195,(anonymous_23)
FN:202,(anonymous_24)
FN:203,(anonymous_25)
FN:222,(anonymous_26)
FN:247,(anonymous_27)
FN:260,(anonymous_28)
FN:287,(anonymous_29)
FN:327,(anonymous_30)
FNF:31
FNH:0
FNDA:0,Limits
FNDA:0,(anonymous_1)
FNDA:0,(anonymous_2)
FNDA:0,(anonymous_3)
FNDA:0,(anonymous_4)
FNDA:0,(anonymous_5)
FNDA:0,(anonymous_6)
FNDA:0,(anonymous_7)
FNDA:0,(anonymous_8)
FNDA:0,(anonymous_9)
FNDA:0,(anonymous_10)
FNDA:0,(anonymous_11)
FNDA:0,(anonymous_12)
FNDA:0,(anonymous_13)
FNDA:0,(anonymous_14)
FNDA:0,(anonymous_15)
FNDA:0,(anonymous_16)
FNDA:0,(anonymous_17)
FNDA:0,(anonymous_18)
FNDA:0,(anonymous_19)
FNDA:0,(anonymous_20)
FNDA:0,(anonymous_21)
FNDA:0,(anonymous_22)
FNDA:0,(anonymous_23)
FNDA:0,(anonymous_24)
FNDA:0,(anonymous_25)
FNDA:0,(anonymous_26)
FNDA:0,(anonymous_27)
FNDA:0,(anonymous_28)
FNDA:0,(anonymous_29)
FNDA:0,(anonymous_30)
DA:11,0
DA:12,0
DA:13,0
DA:14,0
DA:15,0
DA:16,0
DA:17,0
DA:18,0
DA:20,0
DA:21,0
DA:23,0
DA:24,0
DA:25,0
DA:26,0
DA:27,0
DA:31,0
DA:32,0
DA:33,0
DA:34,0
DA:35,0
DA:39,0
DA:40,0
DA:42,0
DA:43,0
DA:44,0
DA:45,0
DA:46,0
DA:49,0
DA:50,0
DA:54,0
DA:55,0
DA:58,0
DA:59,0
DA:60,0
DA:63,0
DA:65,0
DA:68,0
DA:98,0
DA:112,0
DA:121,0
DA:122,0
DA:124,0
DA:138,0
DA:140,0
DA:141,0
DA:145,0
DA:146,0
DA:178,0
DA:195,0
DA:203,0
DA:204,0
DA:223,0
DA:249,0
DA:261,0
DA:287,0
DA:327,0
LF:56
LH:0
BRDA:24,0,0,0
BRDA:24,0,1,0
BRDA:43,1,0,0
BRDA:43,1,1,0
BRDA:46,2,0,0
BRDA:46,2,1,0
BRDA:55,3,0,0
BRDA:55,3,1,0
BRDA:63,4,0,0
BRDA:63,4,1,0
BRDA:65,5,0,0
BRDA:65,5,1,0
BRDA:121,6,0,0
BRDA:121,6,1,0
BRDA:126,7,0,0
BRDA:126,7,1,0
BRDA:138,8,0,0
BRDA:138,8,1,0
BRDA:138,9,0,0
BRDA:138,9,1,0
BRDA:146,10,0,0
BRDA:146,10,1,0
BRDA:150,11,0,0
BRDA:150,11,1,0
BRDA:156,12,0,0
BRDA:156,12,1,0
BRDA:159,13,0,0
BRDA:159,13,1,0
BRDA:165,14,0,0
BRDA:165,14,1,0
BRDA:166,15,0,0
BRDA:166,15,1,0
BRDA:170,16,0,0
BRDA:170,16,1,0
BRDA:178,17,0,0
BRDA:178,17,1,0
BRDA:178,18,0,0
BRDA:178,18,1,0
BRDA:178,19,0,0
BRDA:178,19,1,0
BRDA:190,20,0,0
BRDA:190,20,1,0
BRDA:217,21,0,0
BRDA:217,21,1,0
BRDA:223,22,0,0
BRDA:223,22,1,0
BRDA:226,23,0,0
BRDA:226,23,1,0
BRDA:293,24,0,0
BRDA:293,24,1,0
BRDA:333,25,0,0
BRDA:333,25,1,0
BRF:52
BRH:0
end_of_record
TN:
SF:src/pages/Settings.tsx
FN:22,Settings
FN:28,(anonymous_1)
FN:29,(anonymous_2)
FN:30,(anonymous_3)
FN:31,(anonymous_4)
FN:32,(anonymous_5)
FN:33,(anonymous_6)
FN:47,(anonymous_7)
FN:53,(anonymous_8)
FN:56,(anonymous_9)
FN:59,(anonymous_10)
FN:62,(anonymous_11)
FN:75,(anonymous_12)
FN:90,(anonymous_13)
FN:104,(anonymous_14)
FN:110,(anonymous_15)
FN:139,(anonymous_16)
FN:142,(anonymous_17)
FN:261,(anonymous_18)
FN:287,(anonymous_19)
FN:313,(anonymous_20)
FN:365,(anonymous_21)
FN:399,(anonymous_22)
FN:433,(anonymous_23)
FN:453,(anonymous_24)
FN:493,(anonymous_25)
FN:514,(anonymous_26)
FN:532,(anonymous_27)
FN:545,(anonymous_28)
FN:558,(anonymous_29)
FN:597,(anonymous_30)
FN:618,(anonymous_31)
FN:647,(anonymous_32)
FN:662,(anonymous_33)
FN:672,(anonymous_34)
FN:686,(anonymous_35)
FN:696,(anonymous_36)
FN:741,(anonymous_37)
FN:758,(anonymous_38)
FN:805,(anonymous_39)
FN:815,(anonymous_40)
FN:832,(anonymous_41)
FN:838,(anonymous_42)
FN:855,(anonymous_43)
FNF:44
FNH:0
FNDA:0,Settings
FNDA:0,(anonymous_1)
FNDA:0,(anonymous_2)
FNDA:0,(anonymous_3)
FNDA:0,(anonymous_4)
FNDA:0,(anonymous_5)
FNDA:0,(anonymous_6)
FNDA:0,(anonymous_7)
FNDA:0,(anonymous_8)
FNDA:0,(anonymous_9)
FNDA:0,(anonymous_10)
FNDA:0,(anonymous_11)
FNDA:0,(anonymous_12)
FNDA:0,(anonymous_13)
FNDA:0,(anonymous_14)
FNDA:0,(anonymous_15)
FNDA:0,(anonymous_16)
FNDA:0,(anonymous_17)
FNDA:0,(anonymous_18)
FNDA:0,(anonymous_19)
FNDA:0,(anonymous_20)
FNDA:0,(anonymous_21)
FNDA:0,(anonymous_22)
FNDA:0,(anonymous_23)
FNDA:0,(anonymous_24)
FNDA:0,(anonymous_25)
FNDA:0,(anonymous_26)
FNDA:0,(anonymous_27)
FNDA:0,(anonymous_28)
FNDA:0,(anonymous_29)
FNDA:0,(anonymous_30)
FNDA:0,(anonymous_31)
FNDA:0,(anonymous_32)
FNDA:0,(anonymous_33)
FNDA:0,(anonymous_34)
FNDA:0,(anonymous_35)
FNDA:0,(anonymous_36)
FNDA:0,(anonymous_37)
FNDA:0,(anonymous_38)
FNDA:0,(anonymous_39)
FNDA:0,(anonymous_40)
FNDA:0,(anonymous_41)
FNDA:0,(anonymous_42)
FNDA:0,(anonymous_43)
DA:23,0
DA:24,0
DA:26,0
DA:28,0
DA:29,0
DA:30,0
DA:31,0
DA:32,0
DA:33,0
DA:35,0
DA:36,0
DA:37,0
DA:38,0
DA:40,0
DA:42,0
DA:46,0
DA:47,0
DA:48,0
DA:49,0
DA:50,0
DA:52,0
DA:53,0
DA:56,0
DA:57,0
DA:58,0
DA:59,0
DA:60,0
DA:62,0
DA:63,0
DA:64,0
DA:71,0
DA:75,0
DA:76,0
DA:77,0
DA:78,0
DA:80,0
DA:82,0
DA:83,0
DA:85,0
DA:86,0
DA:90,0
DA:91,0
DA:92,0
DA:93,0
DA:94,0
DA:95,0
DA:96,0
DA:98,0
DA:99,0
DA:100,0
DA:104,0
DA:105,0
DA:106,0
DA:107,0
DA:108,0
DA:109,0
DA:110,0
DA:111,0
DA:114,0
DA:115,0
DA:116,0
DA:117,0
DA:118,0
DA:120,0
DA:121,0
DA:124,0
DA:129,0
DA:130,0
DA:131,0
DA:133,0
DA:136,0
DA:137,0
DA:139,0
DA:142,0
DA:143,0
DA:144,0
DA:149,0
DA:150,0
DA:153,0
DA:156,0
DA:157,0
DA:161,0
DA:164,0
DA:165,0
DA:170,0
DA:172,0
DA:173,0
DA:180,0
DA:181,0
DA:188,0
DA:261,0
DA:287,0
DA:313,0
DA:365,0
DA:400,0
DA:434,0
DA:454,0
DA:494,0
DA:515,0
DA:533,0
DA:546,0
DA:559,0
DA:598,0
DA:619,0
DA:648,0
DA:663,0
DA:673,0
DA:687,0
DA:697,0
DA:741,0
DA:758,0
DA:805,0
DA:815,0
DA:832,0
DA:838,0
DA:855,0
LF:116
LH:0
BRDA:26,0,0,0
BRDA:26,0,1,0
BRDA:77,1,0,0
BRDA:77,1,1,0
BRDA:91,2,0,0
BRDA:91,2,1,0
BRDA:108,3,0,0
BRDA:108,3,1,0
BRDA:116,4,0,0
BRDA:116,4,1,0
BRDA:129,5,0,0
BRDA:129,5,1,0
BRDA:149,6,0,0
BRDA:149,6,1,0
BRDA:156,7,0,0
BRDA:156,7,1,0
BRDA:180,8,0,0
BRDA:180,8,1,0
BRDA:180,9,0,0
BRDA:180,9,1,0
BRDA:180,9,2,0
BRDA:364,10,0,0
BRDA:364,10,1,0
BRDA:501,11,0,0
BRDA:501,11,1,0
BRDA:655,12,0,0
BRDA:655,12,1,0
BRDA:729,13,0,0
BRDA:729,13,1,0
BRDA:734,14,0,0
BRDA:734,14,1,0
BRDA:743,15,0,0
BRDA:743,15,1,0
BRDA:743,15,2,0
BRDA:750,16,0,0
BRDA:750,16,1,0
BRDA:752,17,0,0
BRDA:752,17,1,0
BRDA:756,18,0,0
BRDA:756,18,1,0
BRDA:766,19,0,0
BRDA:766,19,1,0
BRDA:771,20,0,0
BRDA:771,20,1,0
BRDA:776,21,0,0
BRDA:776,21,1,0
BRDA:781,22,0,0
BRDA:781,22,1,0
BRDA:861,23,0,0
BRDA:861,23,1,0
BRF:50
BRH:0
end_of_record
TN:
SF:src/services/api.ts
FN:27,(anonymous_0)
FN:31,(anonymous_1)
FN:35,(anonymous_2)
FN:39,(anonymous_3)
FN:43,(anonymous_4)
FN:47,(anonymous_5)
FN:51,(anonymous_6)
FN:55,(anonymous_7)
FN:59,(anonymous_8)
FN:63,(anonymous_9)
FN:67,(anonymous_10)
FN:71,(anonymous_11)
FN:75,(anonymous_12)
FN:79,(anonymous_13)
FN:83,(anonymous_14)
FN:88,(anonymous_15)
FN:92,(anonymous_16)
FN:96,(anonymous_17)
FN:100,(anonymous_18)
FN:104,(anonymous_19)
FN:108,(anonymous_20)
FN:112,(anonymous_21)
FN:116,(anonymous_22)
FN:120,(anonymous_23)
FN:124,(anonymous_24)
FN:129,(anonymous_25)
FN:133,(anonymous_26)
FN:137,(anonymous_27)
FN:141,(anonymous_28)
FN:146,(anonymous_29)
FN:150,(anonymous_30)
FN:155,(anonymous_31)
FN:159,(anonymous_32)
FN:163,(anonymous_33)
FN:167,(anonymous_34)
FN:171,(anonymous_35)
FN:175,(anonymous_36)
FN:180,(anonymous_37)
FN:185,(anonymous_38)
FN:189,(anonymous_39)
FN:193,(anonymous_40)
FN:197,(anonymous_41)
FN:201,(anonymous_42)
FN:206,(anonymous_43)
FN:210,(anonymous_44)
FN:214,(anonymous_45)
FN:218,(anonymous_46)
FN:222,(anonymous_47)
FN:226,(anonymous_48)
FN:230,(anonymous_49)
FN:234,(anonymous_50)
FN:238,(anonymous_51)
FN:242,(anonymous_52)
FN:247,(anonymous_53)
FN:251,(anonymous_54)
FN:255,(anonymous_55)
FN:259,(anonymous_56)
FN:263,(anonymous_57)
FN:267,(anonymous_58)
FN:271,(anonymous_59)
FN:275,(anonymous_60)
FNF:61
FNH:0
FNDA:0,(anonymous_0)
FNDA:0,(anonymous_1)
FNDA:0,(anonymous_2)
FNDA:0,(anonymous_3)
FNDA:0,(anonymous_4)
FNDA:0,(anonymous_5)
FNDA:0,(anonymous_6)
FNDA:0,(anonymous_7)
FNDA:0,(anonymous_8)
FNDA:0,(anonymous_9)
FNDA:0,(anonymous_10)
FNDA:0,(anonymous_11)
FNDA:0,(anonymous_12)
FNDA:0,(anonymous_13)
FNDA:0,(anonymous_14)
FNDA:0,(anonymous_15)
FNDA:0,(anonymous_16)
FNDA:0,(anonymous_17)
FNDA:0,(anonymous_18)
FNDA:0,(anonymous_19)
FNDA:0,(anonymous_20)
FNDA:0,(anonymous_21)
FNDA:0,(anonymous_22)
FNDA:0,(anonymous_23)
FNDA:0,(anonymous_24)
FNDA:0,(anonymous_25)
FNDA:0,(anonymous_26)
FNDA:0,(anonymous_27)
FNDA:0,(anonymous_28)
FNDA:0,(anonymous_29)
FNDA:0,(anonymous_30)
FNDA:0,(anonymous_31)
FNDA:0,(anonymous_32)
FNDA:0,(anonymous_33)
FNDA:0,(anonymous_34)
FNDA:0,(anonymous_35)
FNDA:0,(anonymous_36)
FNDA:0,(anonymous_37)
FNDA:0,(anonymous_38)
FNDA:0,(anonymous_39)
FNDA:0,(anonymous_40)
FNDA:0,(anonymous_41)
FNDA:0,(anonymous_42)
FNDA:0,(anonymous_43)
FNDA:0,(anonymous_44)
FNDA:0,(anonymous_45)
FNDA:0,(anonymous_46)
FNDA:0,(anonymous_47)
FNDA:0,(anonymous_48)
FNDA:0,(anonymous_49)
FNDA:0,(anonymous_50)
FNDA:0,(anonymous_51)
FNDA:0,(anonymous_52)
FNDA:0,(anonymous_53)
FNDA:0,(anonymous_54)
FNDA:0,(anonymous_55)
FNDA:0,(anonymous_56)
FNDA:0,(anonymous_57)
FNDA:0,(anonymous_58)
FNDA:0,(anonymous_59)
FNDA:0,(anonymous_60)
DA:26,0
DA:28,0
DA:32,0
DA:36,0
DA:40,0
DA:44,0
DA:48,0
DA:52,0
DA:56,0
DA:60,0
DA:64,0
DA:68,0
DA:72,0
DA:76,0
DA:80,0
DA:84,0
DA:89,0
DA:93,0
DA:97,0
DA:101,0
DA:105,0
DA:109,0
DA:113,0
DA:117,0
DA:121,0
DA:125,0
DA:130,0
DA:134,0
DA:138,0
DA:142,0
DA:147,0
DA:151,0
DA:156,0
DA:160,0
DA:164,0
DA:168,0
DA:172,0
DA:176,0
DA:181,0
DA:186,0
DA:190,0
DA:194,0
DA:198,0
DA:202,0
DA:207,0
DA:211,0
DA:215,0
DA:219,0
DA:223,0
DA:227,0
DA:231,0
DA:235,0
DA:239,0
DA:243,0
DA:248,0
DA:252,0
DA:256,0
DA:260,0
DA:264,0
DA:268,0
DA:272,0
DA:276,0
LF:62
LH:0
BRF:0
BRH:0
end_of_record
TN:
SF:src/store/useAppStore.ts
FN:141,(anonymous_0)
FN:164,(anonymous_1)
FN:165,(anonymous_2)
FN:166,(anonymous_3)
FN:167,(anonymous_4)
FN:191,(anonymous_5)
FN:203,(anonymous_6)
FN:203,(anonymous_7)
FN:215,(anonymous_8)
FN:221,(anonymous_9)
FN:226,(anonymous_10)
FN:228,(anonymous_11)
FN:230,(anonymous_12)
FN:230,(anonymous_13)
FN:232,(anonymous_14)
FN:234,(anonymous_15)
FN:236,(anonymous_16)
FN:238,(anonymous_17)
FN:241,(anonymous_18)
FN:245,(anonymous_19)
FN:249,(anonymous_20)
FN:264,(anonymous_21)
FN:268,(anonymous_22)
FN:283,(anonymous_23)
FN:287,(anonymous_24)
FN:302,(anonymous_25)
FN:306,(anonymous_26)
FN:321,(anonymous_27)
FN:325,(anonymous_28)
FN:340,(anonymous_29)
FN:344,(anonymous_30)
FN:359,(anonymous_31)
FN:363,(anonymous_32)
FN:378,(anonymous_33)
FN:382,(anonymous_34)
FN:397,(anonymous_35)
FN:401,(anonymous_36)
FN:416,(anonymous_37)
FN:430,(anonymous_38)
FN:444,(anonymous_39)
FN:460,(anonymous_40)
FN:463,(anonymous_41)
FN:492,(anonymous_42)
FN:495,(anonymous_43)
FN:521,(anonymous_44)
FN:531,(anonymous_45)
FN:543,(anonymous_46)
FN:545,(anonymous_47)
FN:550,(anonymous_48)
FN:552,(anonymous_49)
FN:557,(anonymous_50)
FNF:51
FNH:42
FNDA:1,(anonymous_0)
FNDA:0,(anonymous_1)
FNDA:0,(anonymous_2)
FNDA:0,(anonymous_3)
FNDA:2,(anonymous_4)
FNDA:2,(anonymous_5)
FNDA:2,(anonymous_6)
FNDA:2,(anonymous_7)
FNDA:1,(anonymous_8)
FNDA:2,(anonymous_9)
FNDA:1,(anonymous_10)
FNDA:1,(anonymous_11)
FNDA:2,(anonymous_12)
FNDA:2,(anonymous_13)
FNDA:1,(anonymous_14)
FNDA:2,(anonymous_15)
FNDA:2,(anonymous_16)
FNDA:1,(anonymous_17)
FNDA:1,(anonymous_18)
FNDA:3,(anonymous_19)
FNDA:3,(anonymous_20)
FNDA:2,(anonymous_21)
FNDA:2,(anonymous_22)
FNDA:1,(anonymous_23)
FNDA:1,(anonymous_24)
FNDA:1,(anonymous_25)
FNDA:1,(anonymous_26)
FNDA:1,(anonymous_27)
FNDA:1,(anonymous_28)
FNDA:4,(anonymous_29)
FNDA:4,(anonymous_30)
FNDA:1,(anonymous_31)
FNDA:1,(anonymous_32)
FNDA:2,(anonymous_33)
FNDA:2,(anonymous_34)
FNDA:2,(anonymous_35)
FNDA:2,(anonymous_36)
FNDA:2,(anonymous_37)
FNDA:1,(anonymous_38)
FNDA:2,(anonymous_39)
FNDA:2,(anonymous_40)
FNDA:1,(anonymous_41)
FNDA:0,(anonymous_42)
FNDA:0,(anonymous_43)
FNDA:0,(anonymous_44)
FNDA:0,(anonymous_45)
FNDA:2,(anonymous_46)
FNDA:1,(anonymous_47)
FNDA:0,(anonymous_48)
FNDA:0,(anonymous_49)
FNDA:1,(anonymous_50)
DA:6,1
DA:95,1
DA:112,1
DA:123,1
DA:132,1
DA:141,1
DA:164,0
DA:165,0
DA:166,0
DA:168,2
DA:169,2
DA:171,1
DA:172,1
DA:173,1
DA:174,1
DA:176,0
DA:180,1
DA:181,1
DA:182,1
DA:183,1
DA:184,1
DA:186,0
DA:187,0
DA:192,2
DA:193,2
DA:194,2
DA:195,2
DA:197,0
DA:200,2
DA:201,2
DA:203,2
DA:204,2
DA:205,1
DA:207,1
DA:208,1
DA:209,1
DA:211,0
DA:216,1
DA:217,1
DA:222,2
DA:223,2
DA:226,1
DA:228,1
DA:230,2
DA:232,1
DA:235,2
DA:236,2
DA:237,2
DA:238,1
DA:240,1
DA:241,1
DA:246,3
DA:247,3
DA:249,3
DA:250,3
DA:251,3
DA:252,2
DA:254,1
DA:255,1
DA:257,3
DA:260,3
DA:261,3
DA:265,2
DA:266,2
DA:268,2
DA:269,2
DA:270,2
DA:271,2
DA:273,0
DA:274,0
DA:276,2
DA:279,2
DA:280,2
DA:284,1
DA:285,1
DA:287,1
DA:288,1
DA:289,1
DA:290,1
DA:292,0
DA:293,0
DA:295,1
DA:298,1
DA:299,1
DA:303,1
DA:304,1
DA:306,1
DA:307,1
DA:308,1
DA:309,1
DA:311,0
DA:312,0
DA:314,1
DA:317,1
DA:318,1
DA:322,1
DA:323,1
DA:325,1
DA:326,1
DA:327,1
DA:328,1
DA:330,0
DA:331,0
DA:333,1
DA:336,1
DA:337,1
DA:341,4
DA:342,4
DA:344,4
DA:345,4
DA:346,4
DA:347,4
DA:349,0
DA:350,0
DA:352,4
DA:355,4
DA:356,4
DA:360,1
DA:361,1
DA:363,1
DA:364,1
DA:365,1
DA:366,1
DA:368,0
DA:369,0
DA:371,1
DA:374,1
DA:375,1
DA:379,2
DA:380,2
DA:382,2
DA:383,2
DA:384,2
DA:385,2
DA:387,0
DA:388,0
DA:390,2
DA:393,2
DA:394,2
DA:398,2
DA:399,2
DA:401,2
DA:402,2
DA:403,2
DA:404,2
DA:406,0
DA:407,0
DA:409,2
DA:412,2
DA:413,2
DA:417,2
DA:418,2
DA:419,2
DA:420,2
DA:421,2
DA:422,1
DA:423,1
DA:425,1
DA:426,1
DA:431,1
DA:432,1
DA:433,1
DA:434,1
DA:435,1
DA:436,1
DA:437,1
DA:439,0
DA:440,0
DA:445,2
DA:446,2
DA:447,1
DA:448,1
DA:452,1
DA:453,1
DA:456,1
DA:462,2
DA:463,1
DA:466,2
DA:467,1
DA:468,1
DA:471,1
DA:477,1
DA:478,1
DA:479,1
DA:481,1
DA:483,0
DA:484,0
DA:487,0
DA:488,0
DA:494,0
DA:495,0
DA:497,0
DA:499,0
DA:504,0
DA:505,0
DA:506,0
DA:507,0
DA:509,0
DA:511,0
DA:512,0
DA:515,0
DA:516,0
DA:522,0
DA:523,0
DA:524,0
DA:526,0
DA:527,0
DA:532,0
DA:533,0
DA:534,0
DA:535,0
DA:537,0
DA:538,0
DA:544,2
DA:545,1
DA:551,0
DA:552,0
DA:554,0
DA:568,1
DA:570,1
LF:220
LH:163
BRDA:169,0,0,1
BRDA:169,0,1,1
BRDA:193,1,0,2
BRDA:193,1,1,0
BRDA:200,2,0,2
BRDA:200,2,1,1
BRDA:204,3,0,1
BRDA:204,3,1,1
BRDA:204,4,0,2
BRDA:204,4,1,2
BRDA:207,5,0,1
BRDA:207,5,1,0
BRDA:207,6,0,1
BRDA:207,6,1,1
BRDA:223,7,0,2
BRDA:223,7,1,1
BRDA:247,8,0,0
BRDA:247,8,1,3
BRDA:266,9,0,0
BRDA:266,9,1,2
BRDA:285,10,0,0
BRDA:285,10,1,1
BRDA:304,11,0,0
BRDA:304,11,1,1
BRDA:323,12,0,0
BRDA:323,12,1,1
BRDA:342,13,0,0
BRDA:342,13,1,4
BRDA:361,14,0,0
BRDA:361,14,1,1
BRDA:380,15,0,0
BRDA:380,15,1,2
BRDA:399,16,0,0
BRDA:399,16,1,2
BRDA:419,17,0,0
BRDA:419,17,1,2
BRDA:433,18,0,0
BRDA:433,18,1,1
BRDA:444,19,0,2
BRDA:466,20,0,1
BRDA:466,20,1,1
BRDA:497,21,0,0
BRDA:497,21,1,0
BRDA:521,22,0,0
BRDA:554,23,0,0
BRDA:554,23,1,0
BRF:46
BRH:28
end_of_record
TN:
SF:src/types/index.ts
FNF:0
FNH:0
DA:212,0
LF:1
LH:0
BRF:0
BRH:0
end_of_record
TN:
SF:src/utils/formatters.ts
FN:1,(anonymous_0)
FN:16,(anonymous_1)
FN:28,(anonymous_2)
FN:34,(anonymous_3)
FN:39,(anonymous_4)
FN:46,(anonymous_5)
FNF:6
FNH:5
FNDA:14,(anonymous_0)
FNDA:14,(anonymous_1)
FNDA:0,(anonymous_2)
FNDA:10,(anonymous_3)
FNDA:3,(anonymous_4)
FNDA:3,(anonymous_5)
DA:1,1
DA:2,14
DA:3,3
DA:6,11
DA:7,11
DA:9,11
DA:10,7
DA:13,4
DA:16,1
DA:17,14
DA:18,14
DA:19,14
DA:21,14
DA:22,6
DA:25,8
DA:28,1
DA:29,0
DA:30,0
DA:31,0
DA:34,1
DA:35,10
DA:36,8
DA:39,1
DA:41,3
DA:42,3
DA:43,3
DA:46,1
DA:48,3
DA:49,3
LF:29
LH:26
BRDA:2,0,0,3
BRDA:2,0,1,11
BRDA:9,1,0,7
BRDA:9,1,1,4
BRDA:21,2,0,6
BRDA:21,2,1,8
BRDA:29,3,0,0
BRDA:29,3,1,0
BRDA:30,4,0,0
BRDA:30,4,1,0
BRDA:35,5,0,2
BRDA:35,5,1,8
BRF:12
BRH:8
end_of_record
